nohup: ignoring input
current path: /home/yangqingyou/workspace/zyy/Pytorch-Chinese-Text-Classification
load datasets is finished...
transform feature is finished...
building tree 1 of 100
building tree 2 of 100
building tree 3 of 100
building tree 4 of 100
building tree 5 of 100
building tree 6 of 100
building tree 7 of 100
building tree 8 of 100
building tree 9 of 100
building tree 10 of 100
building tree 11 of 100
building tree 12 of 100
building tree 13 of 100
building tree 14 of 100
building tree 15 of 100
building tree 16 of 100
building tree 17 of 100
building tree 18 of 100
building tree 19 of 100
building tree 20 of 100
building tree 21 of 100
building tree 22 of 100
building tree 23 of 100
building tree 24 of 100
building tree 25 of 100
building tree 26 of 100
building tree 27 of 100
building tree 28 of 100
building tree 29 of 100
building tree 30 of 100
building tree 31 of 100
[Parallel(n_jobs=1)]: Done  31 tasks      | elapsed:    0.4s
building tree 32 of 100
building tree 33 of 100
building tree 34 of 100
building tree 35 of 100
building tree 36 of 100
building tree 37 of 100
building tree 38 of 100
building tree 39 of 100
building tree 40 of 100
building tree 41 of 100
building tree 42 of 100
building tree 43 of 100
building tree 44 of 100
building tree 45 of 100
building tree 46 of 100
building tree 47 of 100
building tree 48 of 100
building tree 49 of 100
building tree 50 of 100
building tree 51 of 100
building tree 52 of 100
building tree 53 of 100
building tree 54 of 100
building tree 55 of 100
building tree 56 of 100
building tree 57 of 100
building tree 58 of 100
building tree 59 of 100
building tree 60 of 100
building tree 61 of 100
building tree 62 of 100
building tree 63 of 100
building tree 64 of 100
building tree 65 of 100
building tree 66 of 100
building tree 67 of 100
building tree 68 of 100
building tree 69 of 100
building tree 70 of 100
building tree 71 of 100
building tree 72 of 100
building tree 73 of 100
building tree 74 of 100
building tree 75 of 100
building tree 76 of 100
building tree 77 of 100
building tree 78 of 100
building tree 79 of 100
building tree 80 of 100
building tree 81 of 100
building tree 82 of 100
building tree 83 of 100
building tree 84 of 100
building tree 85 of 100
building tree 86 of 100
building tree 87 of 100
building tree 88 of 100
building tree 89 of 100
building tree 90 of 100
building tree 91 of 100
building tree 92 of 100
building tree 93 of 100
building tree 94 of 100
building tree 95 of 100
building tree 96 of 100
building tree 97 of 100
building tree 98 of 100
building tree 99 of 100
building tree 100 of 100
[Parallel(n_jobs=1)]: Done  31 tasks      | elapsed:    0.0s
[Parallel(n_jobs=1)]: Done  31 tasks      | elapsed:    0.0s
[Parallel(n_jobs=1)]: Done  31 tasks      | elapsed:    0.0s
[Parallel(n_jobs=1)]: Done  31 tasks      | elapsed:    0.0s
[Parallel(n_jobs=1)]: Done  31 tasks      | elapsed:    0.0s
train loss: 0.2956483218483691, train acc: 0.9870550161812298, dev loss: 1.4676621650899195, dev acc: 0.5290322580645161
[Parallel(n_jobs=1)]: Done  31 tasks      | elapsed:    0.0s
test loss: 1.4676621650899195, test acc: 0.5290322580645161
              precision    recall  f1-score   support

           0       0.47      0.90      0.62        59
           1       0.00      0.00      0.00         1
           2       0.33      0.06      0.11        32
           3       1.00      0.20      0.33        15
           4       1.00      0.33      0.50         3
           5       0.71      0.36      0.48        14
           6       0.75      0.58      0.65        31

    accuracy                           0.53       155
   macro avg       0.61      0.35      0.38       155
weighted avg       0.58      0.53      0.47       155

[[53  1  2  0  0  2  1]
 [ 1  0  0  0  0  0  0]
 [29  0  2  0  0  0  1]
 [10  0  0  3  0  0  2]
 [ 1  0  0  0  1  0  1]
 [ 7  0  1  0  0  5  1]
 [12  0  1  0  0  0 18]]
