nohup: ignoring input
current path: /home/yangqingyou/workspace/zyy/Pytorch-Chinese-Text-Classification
load datasets is finished...
transform feature is finished...
classes_weights: [ 0.78826531  0.88285714  0.37568389  0.37568389  3.3956044   1.00324675
  0.37568389  0.78826531  0.37568389  0.78826531  0.88285714  1.00324675
  0.37568389  0.88285714  0.88285714  0.37568389  0.37568389  0.88285714
  0.88285714  0.78826531  0.78826531  1.00324675  0.88285714  0.88285714
  0.37568389  0.37568389  0.37568389  0.78826531  0.37568389  1.00324675
  1.00324675  0.37568389  0.88285714  0.37568389  1.00324675  0.37568389
  0.37568389  0.37568389  0.37568389  0.37568389 11.03571429  0.37568389
  0.88285714  1.00324675  1.80174927  0.88285714  0.88285714  1.80174927
  1.00324675  0.78826531  0.88285714  0.78826531 11.03571429  3.3956044
  0.37568389  0.37568389  0.88285714  0.37568389  0.37568389  0.37568389
  0.78826531  0.37568389  0.37568389  1.00324675  0.37568389  0.78826531
  0.78826531  0.37568389  0.88285714  0.78826531  3.3956044   0.88285714
  0.88285714  3.3956044   0.37568389  0.37568389  0.88285714  0.88285714
  1.00324675  0.88285714  0.78826531  0.88285714  0.88285714  1.80174927
  3.3956044   0.37568389  0.37568389  1.00324675  0.88285714  3.3956044
  0.37568389  0.37568389 11.03571429  0.78826531  0.78826531  0.88285714
  3.3956044   0.37568389  1.00324675  1.00324675  0.78826531  0.78826531
  0.37568389  0.37568389  1.00324675  1.80174927  0.37568389  1.00324675
  0.37568389  0.37568389  1.00324675  1.00324675  1.00324675  0.37568389
  0.37568389  1.00324675  0.88285714  1.00324675  0.37568389  1.00324675
  0.78826531  0.88285714  1.80174927  0.88285714  1.80174927  1.80174927
  0.37568389  0.78826531  0.37568389  0.37568389  0.37568389  0.37568389
  0.88285714  3.3956044   0.37568389  0.88285714  1.00324675  0.37568389
  1.00324675  1.00324675  0.37568389  0.88285714  1.00324675  1.00324675
  0.78826531  0.37568389  0.78826531  0.37568389  0.37568389  1.80174927
  0.78826531  0.37568389  0.88285714  0.78826531  0.88285714  1.80174927
  0.37568389  0.37568389  0.37568389  3.3956044   0.37568389  1.80174927
  1.80174927  0.37568389  1.80174927  0.88285714  0.88285714  0.37568389
  1.80174927  0.88285714  0.78826531  1.80174927  0.37568389  0.37568389
  0.88285714  0.37568389  0.78826531  0.37568389  0.78826531  0.37568389
  0.78826531  0.37568389  0.88285714  0.37568389  0.37568389  0.37568389
  1.00324675  0.88285714  0.37568389  0.78826531  0.37568389  0.88285714
  0.78826531  1.80174927  0.37568389  0.37568389  1.00324675  0.37568389
  1.00324675  1.00324675  0.37568389  0.37568389  1.00324675  0.88285714
  0.37568389  0.37568389  0.78826531  0.88285714  1.00324675  1.00324675
  1.00324675  0.78826531  0.88285714  0.88285714  0.37568389  0.78826531
  0.88285714  0.37568389  0.88285714  0.37568389  0.37568389  3.3956044
  3.3956044   0.78826531  1.00324675  0.88285714  0.37568389  1.00324675
  0.37568389  0.37568389  0.88285714  0.37568389  0.37568389  0.37568389
  0.37568389  0.78826531  0.37568389  0.37568389  0.88285714  1.00324675
  0.88285714  0.88285714  0.88285714  0.37568389  0.78826531  0.37568389
  1.80174927  1.80174927  0.78826531  1.80174927  0.37568389  0.88285714
  1.00324675  0.37568389  0.78826531  1.00324675  0.37568389  1.00324675
  1.00324675  0.78826531  0.37568389  0.37568389  0.37568389  0.37568389
  1.00324675  0.37568389  0.37568389  0.37568389  1.80174927  0.37568389
  0.78826531  0.37568389  3.3956044   3.3956044   0.78826531  0.37568389
  1.00324675  0.88285714  0.37568389  0.88285714  0.37568389  0.37568389
 11.03571429  1.80174927  0.37568389  0.37568389  0.88285714  1.00324675
  0.37568389  3.3956044   0.78826531  0.88285714  0.37568389  0.78826531
  0.37568389  0.37568389  0.88285714  0.88285714  1.00324675  0.78826531
  0.37568389  0.37568389  0.37568389  1.00324675  0.37568389  0.88285714
  0.37568389  0.78826531  0.37568389  0.37568389  0.37568389  0.37568389
  0.78826531  0.88285714  0.88285714  0.78826531  0.37568389  0.88285714
  0.37568389  3.3956044   0.37568389  1.80174927  0.37568389  0.78826531
  0.88285714  0.37568389  0.78826531  0.78826531  0.78826531  1.80174927
  0.88285714  0.37568389  1.00324675  1.00324675  0.78826531  0.37568389
  1.00324675  0.37568389  0.78826531  0.37568389  0.78826531  0.37568389
  0.37568389  0.78826531  0.37568389  0.78826531  0.37568389  1.80174927
  1.80174927  1.80174927  0.78826531  0.37568389  0.37568389 11.03571429
  0.78826531  0.37568389  0.88285714  0.88285714  0.37568389  0.37568389
  0.78826531  0.88285714  1.00324675  0.37568389  1.00324675  1.80174927
  1.00324675  0.37568389  0.78826531  0.37568389  0.37568389  0.78826531
  1.00324675  0.37568389  1.80174927  0.37568389  3.3956044   1.00324675
  0.37568389  1.00324675  0.78826531  1.80174927  3.3956044   0.37568389
  0.88285714  0.37568389  0.78826531  0.78826531  0.37568389  1.00324675
  0.37568389  0.88285714  1.00324675  0.88285714  0.37568389  1.00324675
  0.88285714  0.88285714  0.37568389  0.37568389  0.78826531  0.37568389
  0.88285714  0.37568389  1.80174927  0.37568389  0.37568389  0.37568389
  1.00324675  1.80174927  0.37568389  0.78826531  1.00324675  0.78826531
  1.00324675  3.3956044   0.37568389  0.37568389  0.37568389  0.88285714
  3.3956044   0.37568389  0.78826531  0.88285714  0.88285714  0.37568389
  1.80174927  1.80174927  0.78826531  0.37568389  0.78826531  0.37568389
  3.3956044   0.37568389  0.88285714  0.37568389  0.37568389  0.78826531
  1.00324675  0.88285714  0.78826531  0.37568389  3.3956044   0.88285714
  0.78826531  0.78826531  0.37568389  0.88285714  0.78826531  1.00324675
  1.00324675  1.00324675  0.37568389  0.37568389  0.78826531  1.00324675
  0.37568389  0.37568389  0.37568389  0.78826531  1.80174927  0.78826531
  1.00324675  1.00324675  1.80174927  0.37568389  0.88285714  0.78826531
  0.37568389  0.37568389  1.00324675  1.80174927  3.3956044   0.78826531
  0.88285714  0.37568389  0.78826531  0.37568389  0.37568389  0.88285714
  1.00324675  0.78826531  1.80174927  0.88285714  0.37568389  1.00324675
  0.88285714  0.78826531  1.00324675  0.37568389  0.37568389  1.80174927
  0.37568389  1.00324675  0.37568389  0.78826531  0.37568389  0.37568389
  0.37568389  1.80174927  0.37568389  0.78826531  0.78826531  0.78826531
  1.00324675  0.78826531  0.37568389  0.37568389  1.80174927  0.37568389
  0.88285714  0.37568389  0.37568389  1.80174927  0.37568389  0.88285714
  1.00324675  0.37568389 11.03571429  0.78826531  1.80174927  0.78826531
  0.37568389  1.00324675  1.00324675  3.3956044   0.37568389  0.88285714
  0.37568389  0.37568389  0.88285714  0.37568389  0.37568389  0.88285714
  1.00324675  0.37568389  1.00324675  1.00324675  1.00324675  0.78826531
  0.37568389  0.37568389 11.03571429  1.00324675  0.88285714  3.3956044
  1.80174927  0.78826531  0.78826531  0.78826531  0.78826531  0.37568389
  3.3956044   0.88285714  0.88285714  0.88285714  0.78826531  0.37568389
  0.78826531  0.78826531  1.80174927  1.80174927  0.78826531  0.78826531
  0.37568389  0.78826531  0.78826531  0.37568389  0.37568389  0.37568389
  1.00324675  0.37568389  0.37568389  0.78826531  0.37568389  1.00324675
  1.80174927  0.78826531  0.88285714  0.37568389  0.37568389  1.80174927
  0.78826531  0.88285714  1.80174927  0.37568389  0.37568389  0.88285714
  0.88285714  0.78826531  0.78826531 11.03571429  0.37568389  0.78826531
  0.88285714  1.80174927  0.37568389  0.37568389  0.88285714  0.37568389
  1.00324675  1.80174927  0.37568389  0.78826531  0.37568389  0.37568389
  1.00324675  0.78826531  0.37568389  3.3956044   1.00324675  0.78826531
  0.37568389  0.37568389  0.37568389  0.78826531  1.00324675  0.78826531]
[22:50:27] DEBUG: ../src/gbm/gbtree.cc:155: Using tree method: 2
[22:50:28] INFO: ../src/tree/updater_prune.cc:101: tree pruning end, 24 extra nodes, 0 pruned nodes, max_depth=6
[22:50:28] INFO: ../src/tree/updater_prune.cc:101: tree pruning end, 12 extra nodes, 0 pruned nodes, max_depth=4
[22:50:28] INFO: ../src/tree/updater_prune.cc:101: tree pruning end, 30 extra nodes, 0 pruned nodes, max_depth=6
[22:50:28] INFO: ../src/tree/updater_prune.cc:101: tree pruning end, 28 extra nodes, 0 pruned nodes, max_depth=6
[22:50:28] INFO: ../src/tree/updater_prune.cc:101: tree pruning end, 12 extra nodes, 0 pruned nodes, max_depth=6
[22:50:28] INFO: ../src/tree/updater_prune.cc:101: tree pruning end, 28 extra nodes, 0 pruned nodes, max_depth=6
[22:50:28] INFO: ../src/tree/updater_prune.cc:101: tree pruning end, 28 extra nodes, 0 pruned nodes, max_depth=6
[0]	validation_0-mlogloss:1.78590	validation_0-merror:0.56129
[22:50:28] INFO: ../src/tree/updater_prune.cc:101: tree pruning end, 32 extra nodes, 0 pruned nodes, max_depth=6
[22:50:28] INFO: ../src/tree/updater_prune.cc:101: tree pruning end, 14 extra nodes, 0 pruned nodes, max_depth=4
[22:50:28] INFO: ../src/tree/updater_prune.cc:101: tree pruning end, 32 extra nodes, 0 pruned nodes, max_depth=6
[22:50:29] INFO: ../src/tree/updater_prune.cc:101: tree pruning end, 22 extra nodes, 0 pruned nodes, max_depth=6
[22:50:29] INFO: ../src/tree/updater_prune.cc:101: tree pruning end, 20 extra nodes, 0 pruned nodes, max_depth=6
[22:50:29] INFO: ../src/tree/updater_prune.cc:101: tree pruning end, 22 extra nodes, 0 pruned nodes, max_depth=6
[22:50:29] INFO: ../src/tree/updater_prune.cc:101: tree pruning end, 30 extra nodes, 0 pruned nodes, max_depth=6
[1]	validation_0-mlogloss:1.70779	validation_0-merror:0.58710
[22:50:29] INFO: ../src/tree/updater_prune.cc:101: tree pruning end, 46 extra nodes, 0 pruned nodes, max_depth=6
[22:50:29] INFO: ../src/tree/updater_prune.cc:101: tree pruning end, 12 extra nodes, 0 pruned nodes, max_depth=4
[22:50:29] INFO: ../src/tree/updater_prune.cc:101: tree pruning end, 36 extra nodes, 0 pruned nodes, max_depth=6
[22:50:29] INFO: ../src/tree/updater_prune.cc:101: tree pruning end, 26 extra nodes, 0 pruned nodes, max_depth=6
[22:50:30] INFO: ../src/tree/updater_prune.cc:101: tree pruning end, 16 extra nodes, 0 pruned nodes, max_depth=6
[22:50:30] INFO: ../src/tree/updater_prune.cc:101: tree pruning end, 26 extra nodes, 0 pruned nodes, max_depth=6
[22:50:30] INFO: ../src/tree/updater_prune.cc:101: tree pruning end, 36 extra nodes, 0 pruned nodes, max_depth=6
[2]	validation_0-mlogloss:1.61383	validation_0-merror:0.56129
[22:50:30] INFO: ../src/tree/updater_prune.cc:101: tree pruning end, 48 extra nodes, 0 pruned nodes, max_depth=6
[22:50:30] INFO: ../src/tree/updater_prune.cc:101: tree pruning end, 16 extra nodes, 0 pruned nodes, max_depth=5
[22:50:30] INFO: ../src/tree/updater_prune.cc:101: tree pruning end, 44 extra nodes, 0 pruned nodes, max_depth=6
[22:50:30] INFO: ../src/tree/updater_prune.cc:101: tree pruning end, 30 extra nodes, 0 pruned nodes, max_depth=6
[22:50:30] INFO: ../src/tree/updater_prune.cc:101: tree pruning end, 22 extra nodes, 0 pruned nodes, max_depth=6
[22:50:30] INFO: ../src/tree/updater_prune.cc:101: tree pruning end, 26 extra nodes, 0 pruned nodes, max_depth=6
[22:50:30] INFO: ../src/tree/updater_prune.cc:101: tree pruning end, 30 extra nodes, 0 pruned nodes, max_depth=6
[3]	validation_0-mlogloss:1.56242	validation_0-merror:0.54839
[22:50:30] INFO: ../src/tree/updater_prune.cc:101: tree pruning end, 34 extra nodes, 0 pruned nodes, max_depth=6
[22:50:30] INFO: ../src/tree/updater_prune.cc:101: tree pruning end, 14 extra nodes, 0 pruned nodes, max_depth=4
[22:50:31] INFO: ../src/tree/updater_prune.cc:101: tree pruning end, 26 extra nodes, 0 pruned nodes, max_depth=6
[22:50:31] INFO: ../src/tree/updater_prune.cc:101: tree pruning end, 34 extra nodes, 0 pruned nodes, max_depth=6
[22:50:31] INFO: ../src/tree/updater_prune.cc:101: tree pruning end, 16 extra nodes, 0 pruned nodes, max_depth=6
[22:50:31] INFO: ../src/tree/updater_prune.cc:101: tree pruning end, 26 extra nodes, 0 pruned nodes, max_depth=6
[22:50:31] INFO: ../src/tree/updater_prune.cc:101: tree pruning end, 28 extra nodes, 0 pruned nodes, max_depth=6
[4]	validation_0-mlogloss:1.53294	validation_0-merror:0.54194
[22:50:31] INFO: ../src/tree/updater_prune.cc:101: tree pruning end, 52 extra nodes, 0 pruned nodes, max_depth=6
[22:50:31] INFO: ../src/tree/updater_prune.cc:101: tree pruning end, 14 extra nodes, 0 pruned nodes, max_depth=4
[22:50:31] INFO: ../src/tree/updater_prune.cc:101: tree pruning end, 26 extra nodes, 0 pruned nodes, max_depth=6
[22:50:32] INFO: ../src/tree/updater_prune.cc:101: tree pruning end, 28 extra nodes, 0 pruned nodes, max_depth=6
[22:50:32] INFO: ../src/tree/updater_prune.cc:101: tree pruning end, 16 extra nodes, 0 pruned nodes, max_depth=6
[22:50:32] INFO: ../src/tree/updater_prune.cc:101: tree pruning end, 24 extra nodes, 0 pruned nodes, max_depth=6
[22:50:32] INFO: ../src/tree/updater_prune.cc:101: tree pruning end, 34 extra nodes, 0 pruned nodes, max_depth=6
[5]	validation_0-mlogloss:1.48727	validation_0-merror:0.52258
[22:50:32] INFO: ../src/tree/updater_prune.cc:101: tree pruning end, 48 extra nodes, 0 pruned nodes, max_depth=6
[22:50:32] INFO: ../src/tree/updater_prune.cc:101: tree pruning end, 12 extra nodes, 0 pruned nodes, max_depth=4
[22:50:32] INFO: ../src/tree/updater_prune.cc:101: tree pruning end, 52 extra nodes, 0 pruned nodes, max_depth=6
[22:50:32] INFO: ../src/tree/updater_prune.cc:101: tree pruning end, 28 extra nodes, 0 pruned nodes, max_depth=6
[22:50:32] INFO: ../src/tree/updater_prune.cc:101: tree pruning end, 12 extra nodes, 0 pruned nodes, max_depth=6
[22:50:33] INFO: ../src/tree/updater_prune.cc:101: tree pruning end, 38 extra nodes, 0 pruned nodes, max_depth=6
[22:50:33] INFO: ../src/tree/updater_prune.cc:101: tree pruning end, 26 extra nodes, 0 pruned nodes, max_depth=6
[6]	validation_0-mlogloss:1.47922	validation_0-merror:0.54194
[22:50:33] INFO: ../src/tree/updater_prune.cc:101: tree pruning end, 38 extra nodes, 0 pruned nodes, max_depth=6
[22:50:33] INFO: ../src/tree/updater_prune.cc:101: tree pruning end, 12 extra nodes, 0 pruned nodes, max_depth=4
[22:50:33] INFO: ../src/tree/updater_prune.cc:101: tree pruning end, 26 extra nodes, 0 pruned nodes, max_depth=6
[22:50:33] INFO: ../src/tree/updater_prune.cc:101: tree pruning end, 18 extra nodes, 0 pruned nodes, max_depth=6
[22:50:34] INFO: ../src/tree/updater_prune.cc:101: tree pruning end, 24 extra nodes, 0 pruned nodes, max_depth=6
[22:50:34] INFO: ../src/tree/updater_prune.cc:101: tree pruning end, 32 extra nodes, 0 pruned nodes, max_depth=6
[22:50:34] INFO: ../src/tree/updater_prune.cc:101: tree pruning end, 42 extra nodes, 0 pruned nodes, max_depth=6
[7]	validation_0-mlogloss:1.45189	validation_0-merror:0.49677
[22:50:34] INFO: ../src/tree/updater_prune.cc:101: tree pruning end, 42 extra nodes, 0 pruned nodes, max_depth=6
[22:50:34] INFO: ../src/tree/updater_prune.cc:101: tree pruning end, 14 extra nodes, 0 pruned nodes, max_depth=4
[22:50:34] INFO: ../src/tree/updater_prune.cc:101: tree pruning end, 22 extra nodes, 0 pruned nodes, max_depth=6
[22:50:34] INFO: ../src/tree/updater_prune.cc:101: tree pruning end, 34 extra nodes, 0 pruned nodes, max_depth=6
[22:50:34] INFO: ../src/tree/updater_prune.cc:101: tree pruning end, 28 extra nodes, 0 pruned nodes, max_depth=6
[22:50:34] INFO: ../src/tree/updater_prune.cc:101: tree pruning end, 20 extra nodes, 0 pruned nodes, max_depth=6
[22:50:34] INFO: ../src/tree/updater_prune.cc:101: tree pruning end, 30 extra nodes, 0 pruned nodes, max_depth=6
[8]	validation_0-mlogloss:1.44010	validation_0-merror:0.50323
[22:50:34] INFO: ../src/tree/updater_prune.cc:101: tree pruning end, 38 extra nodes, 0 pruned nodes, max_depth=6
[22:50:35] INFO: ../src/tree/updater_prune.cc:101: tree pruning end, 16 extra nodes, 0 pruned nodes, max_depth=6
[22:50:35] INFO: ../src/tree/updater_prune.cc:101: tree pruning end, 40 extra nodes, 0 pruned nodes, max_depth=6
[22:50:35] INFO: ../src/tree/updater_prune.cc:101: tree pruning end, 22 extra nodes, 0 pruned nodes, max_depth=6
[22:50:35] INFO: ../src/tree/updater_prune.cc:101: tree pruning end, 16 extra nodes, 0 pruned nodes, max_depth=6
[22:50:35] INFO: ../src/tree/updater_prune.cc:101: tree pruning end, 30 extra nodes, 0 pruned nodes, max_depth=6
[22:50:35] INFO: ../src/tree/updater_prune.cc:101: tree pruning end, 24 extra nodes, 0 pruned nodes, max_depth=6
[9]	validation_0-mlogloss:1.42472	validation_0-merror:0.50323
[22:50:35] INFO: ../src/tree/updater_prune.cc:101: tree pruning end, 36 extra nodes, 0 pruned nodes, max_depth=6
[22:50:36] INFO: ../src/tree/updater_prune.cc:101: tree pruning end, 14 extra nodes, 0 pruned nodes, max_depth=4
[22:50:36] INFO: ../src/tree/updater_prune.cc:101: tree pruning end, 34 extra nodes, 0 pruned nodes, max_depth=6
[22:50:36] INFO: ../src/tree/updater_prune.cc:101: tree pruning end, 16 extra nodes, 0 pruned nodes, max_depth=6
[22:50:36] INFO: ../src/tree/updater_prune.cc:101: tree pruning end, 24 extra nodes, 0 pruned nodes, max_depth=6
[22:50:36] INFO: ../src/tree/updater_prune.cc:101: tree pruning end, 18 extra nodes, 0 pruned nodes, max_depth=6
[22:50:37] INFO: ../src/tree/updater_prune.cc:101: tree pruning end, 34 extra nodes, 0 pruned nodes, max_depth=6
[10]	validation_0-mlogloss:1.42101	validation_0-merror:0.49032
[22:50:37] INFO: ../src/tree/updater_prune.cc:101: tree pruning end, 38 extra nodes, 0 pruned nodes, max_depth=6
[22:50:37] INFO: ../src/tree/updater_prune.cc:101: tree pruning end, 12 extra nodes, 0 pruned nodes, max_depth=4
[22:50:37] INFO: ../src/tree/updater_prune.cc:101: tree pruning end, 40 extra nodes, 0 pruned nodes, max_depth=6
[22:50:38] INFO: ../src/tree/updater_prune.cc:101: tree pruning end, 32 extra nodes, 0 pruned nodes, max_depth=6
[22:50:38] INFO: ../src/tree/updater_prune.cc:101: tree pruning end, 24 extra nodes, 0 pruned nodes, max_depth=6
[22:50:38] INFO: ../src/tree/updater_prune.cc:101: tree pruning end, 30 extra nodes, 0 pruned nodes, max_depth=6
[22:50:38] INFO: ../src/tree/updater_prune.cc:101: tree pruning end, 20 extra nodes, 0 pruned nodes, max_depth=6
[11]	validation_0-mlogloss:1.41628	validation_0-merror:0.49677
[22:50:39] INFO: ../src/tree/updater_prune.cc:101: tree pruning end, 30 extra nodes, 0 pruned nodes, max_depth=6
[22:50:39] INFO: ../src/tree/updater_prune.cc:101: tree pruning end, 16 extra nodes, 0 pruned nodes, max_depth=4
[22:50:39] INFO: ../src/tree/updater_prune.cc:101: tree pruning end, 30 extra nodes, 0 pruned nodes, max_depth=6
[22:50:39] INFO: ../src/tree/updater_prune.cc:101: tree pruning end, 18 extra nodes, 0 pruned nodes, max_depth=6
[22:50:39] INFO: ../src/tree/updater_prune.cc:101: tree pruning end, 16 extra nodes, 0 pruned nodes, max_depth=6
[22:50:39] INFO: ../src/tree/updater_prune.cc:101: tree pruning end, 22 extra nodes, 0 pruned nodes, max_depth=6
[22:50:39] INFO: ../src/tree/updater_prune.cc:101: tree pruning end, 28 extra nodes, 0 pruned nodes, max_depth=6
[12]	validation_0-mlogloss:1.41377	validation_0-merror:0.50968
[22:50:40] INFO: ../src/tree/updater_prune.cc:101: tree pruning end, 22 extra nodes, 0 pruned nodes, max_depth=6
[22:50:40] INFO: ../src/tree/updater_prune.cc:101: tree pruning end, 14 extra nodes, 0 pruned nodes, max_depth=4
[22:50:40] INFO: ../src/tree/updater_prune.cc:101: tree pruning end, 32 extra nodes, 0 pruned nodes, max_depth=6
[22:50:40] INFO: ../src/tree/updater_prune.cc:101: tree pruning end, 20 extra nodes, 0 pruned nodes, max_depth=6
[22:50:40] INFO: ../src/tree/updater_prune.cc:101: tree pruning end, 22 extra nodes, 0 pruned nodes, max_depth=6
[22:50:40] INFO: ../src/tree/updater_prune.cc:101: tree pruning end, 22 extra nodes, 0 pruned nodes, max_depth=6
[22:50:40] INFO: ../src/tree/updater_prune.cc:101: tree pruning end, 16 extra nodes, 0 pruned nodes, max_depth=6
[13]	validation_0-mlogloss:1.40757	validation_0-merror:0.50323
[22:50:41] INFO: ../src/tree/updater_prune.cc:101: tree pruning end, 28 extra nodes, 0 pruned nodes, max_depth=6
[22:50:41] INFO: ../src/tree/updater_prune.cc:101: tree pruning end, 14 extra nodes, 0 pruned nodes, max_depth=5
[22:50:41] INFO: ../src/tree/updater_prune.cc:101: tree pruning end, 28 extra nodes, 0 pruned nodes, max_depth=6
[22:50:41] INFO: ../src/tree/updater_prune.cc:101: tree pruning end, 14 extra nodes, 0 pruned nodes, max_depth=6
[22:50:41] INFO: ../src/tree/updater_prune.cc:101: tree pruning end, 22 extra nodes, 0 pruned nodes, max_depth=6
[22:50:41] INFO: ../src/tree/updater_prune.cc:101: tree pruning end, 24 extra nodes, 0 pruned nodes, max_depth=6
[22:50:41] INFO: ../src/tree/updater_prune.cc:101: tree pruning end, 32 extra nodes, 0 pruned nodes, max_depth=6
[14]	validation_0-mlogloss:1.39968	validation_0-merror:0.52258
[22:50:41] INFO: ../src/tree/updater_prune.cc:101: tree pruning end, 24 extra nodes, 0 pruned nodes, max_depth=6
[22:50:41] INFO: ../src/tree/updater_prune.cc:101: tree pruning end, 14 extra nodes, 0 pruned nodes, max_depth=4
[22:50:41] INFO: ../src/tree/updater_prune.cc:101: tree pruning end, 26 extra nodes, 0 pruned nodes, max_depth=6
[22:50:42] INFO: ../src/tree/updater_prune.cc:101: tree pruning end, 18 extra nodes, 0 pruned nodes, max_depth=6
[22:50:42] INFO: ../src/tree/updater_prune.cc:101: tree pruning end, 22 extra nodes, 0 pruned nodes, max_depth=6
[22:50:42] INFO: ../src/tree/updater_prune.cc:101: tree pruning end, 36 extra nodes, 0 pruned nodes, max_depth=6
[22:50:42] INFO: ../src/tree/updater_prune.cc:101: tree pruning end, 30 extra nodes, 0 pruned nodes, max_depth=6
[15]	validation_0-mlogloss:1.38114	validation_0-merror:0.49677
[22:50:42] INFO: ../src/tree/updater_prune.cc:101: tree pruning end, 36 extra nodes, 0 pruned nodes, max_depth=6
[22:50:42] INFO: ../src/tree/updater_prune.cc:101: tree pruning end, 14 extra nodes, 0 pruned nodes, max_depth=4
[22:50:43] INFO: ../src/tree/updater_prune.cc:101: tree pruning end, 34 extra nodes, 0 pruned nodes, max_depth=6
[22:50:43] INFO: ../src/tree/updater_prune.cc:101: tree pruning end, 28 extra nodes, 0 pruned nodes, max_depth=6
[22:50:43] INFO: ../src/tree/updater_prune.cc:101: tree pruning end, 16 extra nodes, 0 pruned nodes, max_depth=6
[22:50:43] INFO: ../src/tree/updater_prune.cc:101: tree pruning end, 20 extra nodes, 0 pruned nodes, max_depth=6
[22:50:43] INFO: ../src/tree/updater_prune.cc:101: tree pruning end, 28 extra nodes, 0 pruned nodes, max_depth=6
[16]	validation_0-mlogloss:1.37800	validation_0-merror:0.50968
[22:50:44] INFO: ../src/tree/updater_prune.cc:101: tree pruning end, 36 extra nodes, 0 pruned nodes, max_depth=6
[22:50:44] INFO: ../src/tree/updater_prune.cc:101: tree pruning end, 12 extra nodes, 0 pruned nodes, max_depth=5
[22:50:44] INFO: ../src/tree/updater_prune.cc:101: tree pruning end, 20 extra nodes, 0 pruned nodes, max_depth=6
[22:50:44] INFO: ../src/tree/updater_prune.cc:101: tree pruning end, 38 extra nodes, 0 pruned nodes, max_depth=6
[22:50:44] INFO: ../src/tree/updater_prune.cc:101: tree pruning end, 20 extra nodes, 0 pruned nodes, max_depth=6
[22:50:44] INFO: ../src/tree/updater_prune.cc:101: tree pruning end, 24 extra nodes, 0 pruned nodes, max_depth=6
[22:50:44] INFO: ../src/tree/updater_prune.cc:101: tree pruning end, 16 extra nodes, 0 pruned nodes, max_depth=6
[17]	validation_0-mlogloss:1.38367	validation_0-merror:0.53548
[22:50:45] INFO: ../src/tree/updater_prune.cc:101: tree pruning end, 30 extra nodes, 0 pruned nodes, max_depth=6
[22:50:45] INFO: ../src/tree/updater_prune.cc:101: tree pruning end, 12 extra nodes, 0 pruned nodes, max_depth=5
[22:50:45] INFO: ../src/tree/updater_prune.cc:101: tree pruning end, 26 extra nodes, 0 pruned nodes, max_depth=6
[22:50:45] INFO: ../src/tree/updater_prune.cc:101: tree pruning end, 28 extra nodes, 0 pruned nodes, max_depth=6
[22:50:45] INFO: ../src/tree/updater_prune.cc:101: tree pruning end, 18 extra nodes, 0 pruned nodes, max_depth=6
[22:50:45] INFO: ../src/tree/updater_prune.cc:101: tree pruning end, 20 extra nodes, 0 pruned nodes, max_depth=6
[22:50:46] INFO: ../src/tree/updater_prune.cc:101: tree pruning end, 24 extra nodes, 0 pruned nodes, max_depth=6
[18]	validation_0-mlogloss:1.37715	validation_0-merror:0.50968
[22:50:46] INFO: ../src/tree/updater_prune.cc:101: tree pruning end, 20 extra nodes, 0 pruned nodes, max_depth=6
[22:50:46] INFO: ../src/tree/updater_prune.cc:101: tree pruning end, 10 extra nodes, 0 pruned nodes, max_depth=3
[22:50:46] INFO: ../src/tree/updater_prune.cc:101: tree pruning end, 18 extra nodes, 0 pruned nodes, max_depth=6
[22:50:47] INFO: ../src/tree/updater_prune.cc:101: tree pruning end, 20 extra nodes, 0 pruned nodes, max_depth=6
[22:50:47] INFO: ../src/tree/updater_prune.cc:101: tree pruning end, 22 extra nodes, 0 pruned nodes, max_depth=6
[22:50:47] INFO: ../src/tree/updater_prune.cc:101: tree pruning end, 28 extra nodes, 0 pruned nodes, max_depth=6
[22:50:47] INFO: ../src/tree/updater_prune.cc:101: tree pruning end, 18 extra nodes, 0 pruned nodes, max_depth=6
[19]	validation_0-mlogloss:1.37209	validation_0-merror:0.51613
[22:50:47] INFO: ../src/tree/updater_prune.cc:101: tree pruning end, 20 extra nodes, 0 pruned nodes, max_depth=6
[22:50:47] INFO: ../src/tree/updater_prune.cc:101: tree pruning end, 12 extra nodes, 0 pruned nodes, max_depth=4
[22:50:47] INFO: ../src/tree/updater_prune.cc:101: tree pruning end, 20 extra nodes, 0 pruned nodes, max_depth=6
[22:50:47] INFO: ../src/tree/updater_prune.cc:101: tree pruning end, 12 extra nodes, 0 pruned nodes, max_depth=6
[22:50:47] INFO: ../src/tree/updater_prune.cc:101: tree pruning end, 14 extra nodes, 0 pruned nodes, max_depth=6
[22:50:48] INFO: ../src/tree/updater_prune.cc:101: tree pruning end, 20 extra nodes, 0 pruned nodes, max_depth=6
[22:50:48] INFO: ../src/tree/updater_prune.cc:101: tree pruning end, 24 extra nodes, 0 pruned nodes, max_depth=6
[20]	validation_0-mlogloss:1.37387	validation_0-merror:0.50323
[22:50:48] INFO: ../src/tree/updater_prune.cc:101: tree pruning end, 20 extra nodes, 0 pruned nodes, max_depth=6
[22:50:48] INFO: ../src/tree/updater_prune.cc:101: tree pruning end, 10 extra nodes, 0 pruned nodes, max_depth=3
[22:50:49] INFO: ../src/tree/updater_prune.cc:101: tree pruning end, 24 extra nodes, 0 pruned nodes, max_depth=6
[22:50:49] INFO: ../src/tree/updater_prune.cc:101: tree pruning end, 28 extra nodes, 0 pruned nodes, max_depth=6
[22:50:49] INFO: ../src/tree/updater_prune.cc:101: tree pruning end, 20 extra nodes, 0 pruned nodes, max_depth=6
[22:50:49] INFO: ../src/tree/updater_prune.cc:101: tree pruning end, 14 extra nodes, 0 pruned nodes, max_depth=6
[22:50:49] INFO: ../src/tree/updater_prune.cc:101: tree pruning end, 20 extra nodes, 0 pruned nodes, max_depth=6
[21]	validation_0-mlogloss:1.37116	validation_0-merror:0.49677
[22:50:50] INFO: ../src/tree/updater_prune.cc:101: tree pruning end, 26 extra nodes, 0 pruned nodes, max_depth=6
[22:50:50] INFO: ../src/tree/updater_prune.cc:101: tree pruning end, 12 extra nodes, 0 pruned nodes, max_depth=5
[22:50:50] INFO: ../src/tree/updater_prune.cc:101: tree pruning end, 16 extra nodes, 0 pruned nodes, max_depth=6
[22:50:50] INFO: ../src/tree/updater_prune.cc:101: tree pruning end, 24 extra nodes, 0 pruned nodes, max_depth=6
[22:50:50] INFO: ../src/tree/updater_prune.cc:101: tree pruning end, 16 extra nodes, 0 pruned nodes, max_depth=6
[22:50:50] INFO: ../src/tree/updater_prune.cc:101: tree pruning end, 24 extra nodes, 0 pruned nodes, max_depth=6
[22:50:50] INFO: ../src/tree/updater_prune.cc:101: tree pruning end, 32 extra nodes, 0 pruned nodes, max_depth=6
[22]	validation_0-mlogloss:1.36823	validation_0-merror:0.50968
[22:50:50] INFO: ../src/tree/updater_prune.cc:101: tree pruning end, 18 extra nodes, 0 pruned nodes, max_depth=6
[22:50:50] INFO: ../src/tree/updater_prune.cc:101: tree pruning end, 10 extra nodes, 0 pruned nodes, max_depth=3
[22:50:50] INFO: ../src/tree/updater_prune.cc:101: tree pruning end, 18 extra nodes, 0 pruned nodes, max_depth=6
[22:50:50] INFO: ../src/tree/updater_prune.cc:101: tree pruning end, 24 extra nodes, 0 pruned nodes, max_depth=6
[22:50:50] INFO: ../src/tree/updater_prune.cc:101: tree pruning end, 20 extra nodes, 0 pruned nodes, max_depth=6
[22:50:50] INFO: ../src/tree/updater_prune.cc:101: tree pruning end, 30 extra nodes, 0 pruned nodes, max_depth=6
[22:50:50] INFO: ../src/tree/updater_prune.cc:101: tree pruning end, 28 extra nodes, 0 pruned nodes, max_depth=6
[23]	validation_0-mlogloss:1.36295	validation_0-merror:0.49032
[22:50:50] INFO: ../src/tree/updater_prune.cc:101: tree pruning end, 26 extra nodes, 0 pruned nodes, max_depth=6
[22:50:50] INFO: ../src/tree/updater_prune.cc:101: tree pruning end, 8 extra nodes, 0 pruned nodes, max_depth=3
[22:50:50] INFO: ../src/tree/updater_prune.cc:101: tree pruning end, 42 extra nodes, 0 pruned nodes, max_depth=6
[22:50:50] INFO: ../src/tree/updater_prune.cc:101: tree pruning end, 22 extra nodes, 0 pruned nodes, max_depth=6
[22:50:50] INFO: ../src/tree/updater_prune.cc:101: tree pruning end, 16 extra nodes, 0 pruned nodes, max_depth=6
[22:50:50] INFO: ../src/tree/updater_prune.cc:101: tree pruning end, 24 extra nodes, 0 pruned nodes, max_depth=6
[22:50:50] INFO: ../src/tree/updater_prune.cc:101: tree pruning end, 20 extra nodes, 0 pruned nodes, max_depth=6
[24]	validation_0-mlogloss:1.35907	validation_0-merror:0.49032
[22:50:51] INFO: ../src/tree/updater_prune.cc:101: tree pruning end, 20 extra nodes, 0 pruned nodes, max_depth=6
[22:50:51] INFO: ../src/tree/updater_prune.cc:101: tree pruning end, 8 extra nodes, 0 pruned nodes, max_depth=3
[22:50:51] INFO: ../src/tree/updater_prune.cc:101: tree pruning end, 20 extra nodes, 0 pruned nodes, max_depth=6
[22:50:51] INFO: ../src/tree/updater_prune.cc:101: tree pruning end, 24 extra nodes, 0 pruned nodes, max_depth=6
[22:50:52] INFO: ../src/tree/updater_prune.cc:101: tree pruning end, 16 extra nodes, 0 pruned nodes, max_depth=6
[22:50:52] INFO: ../src/tree/updater_prune.cc:101: tree pruning end, 20 extra nodes, 0 pruned nodes, max_depth=6
[22:50:52] INFO: ../src/tree/updater_prune.cc:101: tree pruning end, 22 extra nodes, 0 pruned nodes, max_depth=6
[25]	validation_0-mlogloss:1.35817	validation_0-merror:0.49677
[22:50:52] INFO: ../src/tree/updater_prune.cc:101: tree pruning end, 24 extra nodes, 0 pruned nodes, max_depth=6
[22:50:52] INFO: ../src/tree/updater_prune.cc:101: tree pruning end, 8 extra nodes, 0 pruned nodes, max_depth=3
[22:50:52] INFO: ../src/tree/updater_prune.cc:101: tree pruning end, 26 extra nodes, 0 pruned nodes, max_depth=6
[22:50:52] INFO: ../src/tree/updater_prune.cc:101: tree pruning end, 12 extra nodes, 0 pruned nodes, max_depth=6
[22:50:53] INFO: ../src/tree/updater_prune.cc:101: tree pruning end, 18 extra nodes, 0 pruned nodes, max_depth=6
[22:50:53] INFO: ../src/tree/updater_prune.cc:101: tree pruning end, 18 extra nodes, 0 pruned nodes, max_depth=6
[22:50:53] INFO: ../src/tree/updater_prune.cc:101: tree pruning end, 24 extra nodes, 0 pruned nodes, max_depth=6
[26]	validation_0-mlogloss:1.35467	validation_0-merror:0.50323
[22:50:53] INFO: ../src/tree/updater_prune.cc:101: tree pruning end, 24 extra nodes, 0 pruned nodes, max_depth=6
[22:50:53] INFO: ../src/tree/updater_prune.cc:101: tree pruning end, 8 extra nodes, 0 pruned nodes, max_depth=3
[22:50:53] INFO: ../src/tree/updater_prune.cc:101: tree pruning end, 26 extra nodes, 0 pruned nodes, max_depth=6
[22:50:54] INFO: ../src/tree/updater_prune.cc:101: tree pruning end, 30 extra nodes, 0 pruned nodes, max_depth=6
[22:50:54] INFO: ../src/tree/updater_prune.cc:101: tree pruning end, 18 extra nodes, 0 pruned nodes, max_depth=6
[22:50:54] INFO: ../src/tree/updater_prune.cc:101: tree pruning end, 16 extra nodes, 0 pruned nodes, max_depth=6
[22:50:54] INFO: ../src/tree/updater_prune.cc:101: tree pruning end, 28 extra nodes, 0 pruned nodes, max_depth=6
[27]	validation_0-mlogloss:1.35530	validation_0-merror:0.49677
[22:50:55] INFO: ../src/tree/updater_prune.cc:101: tree pruning end, 18 extra nodes, 0 pruned nodes, max_depth=6
[22:50:55] INFO: ../src/tree/updater_prune.cc:101: tree pruning end, 8 extra nodes, 0 pruned nodes, max_depth=3
[22:50:55] INFO: ../src/tree/updater_prune.cc:101: tree pruning end, 22 extra nodes, 0 pruned nodes, max_depth=6
[22:50:55] INFO: ../src/tree/updater_prune.cc:101: tree pruning end, 18 extra nodes, 0 pruned nodes, max_depth=6
[22:50:55] INFO: ../src/tree/updater_prune.cc:101: tree pruning end, 16 extra nodes, 0 pruned nodes, max_depth=6
[22:50:55] INFO: ../src/tree/updater_prune.cc:101: tree pruning end, 28 extra nodes, 0 pruned nodes, max_depth=6
[22:50:56] INFO: ../src/tree/updater_prune.cc:101: tree pruning end, 28 extra nodes, 0 pruned nodes, max_depth=6
[28]	validation_0-mlogloss:1.35464	validation_0-merror:0.49677
[22:50:56] INFO: ../src/tree/updater_prune.cc:101: tree pruning end, 24 extra nodes, 0 pruned nodes, max_depth=6
[22:50:56] INFO: ../src/tree/updater_prune.cc:101: tree pruning end, 6 extra nodes, 0 pruned nodes, max_depth=3
[22:50:56] INFO: ../src/tree/updater_prune.cc:101: tree pruning end, 38 extra nodes, 0 pruned nodes, max_depth=6
[22:50:56] INFO: ../src/tree/updater_prune.cc:101: tree pruning end, 14 extra nodes, 0 pruned nodes, max_depth=6
[22:50:56] INFO: ../src/tree/updater_prune.cc:101: tree pruning end, 14 extra nodes, 0 pruned nodes, max_depth=6
[22:50:56] INFO: ../src/tree/updater_prune.cc:101: tree pruning end, 20 extra nodes, 0 pruned nodes, max_depth=6
[22:50:56] INFO: ../src/tree/updater_prune.cc:101: tree pruning end, 16 extra nodes, 0 pruned nodes, max_depth=6
[29]	validation_0-mlogloss:1.35811	validation_0-merror:0.49032
[22:50:56] INFO: ../src/tree/updater_prune.cc:101: tree pruning end, 20 extra nodes, 0 pruned nodes, max_depth=6
[22:50:56] INFO: ../src/tree/updater_prune.cc:101: tree pruning end, 6 extra nodes, 0 pruned nodes, max_depth=3
[22:50:56] INFO: ../src/tree/updater_prune.cc:101: tree pruning end, 20 extra nodes, 0 pruned nodes, max_depth=6
[22:50:56] INFO: ../src/tree/updater_prune.cc:101: tree pruning end, 22 extra nodes, 0 pruned nodes, max_depth=6
[22:50:57] INFO: ../src/tree/updater_prune.cc:101: tree pruning end, 18 extra nodes, 0 pruned nodes, max_depth=6
[22:50:57] INFO: ../src/tree/updater_prune.cc:101: tree pruning end, 18 extra nodes, 0 pruned nodes, max_depth=6
[22:50:57] INFO: ../src/tree/updater_prune.cc:101: tree pruning end, 20 extra nodes, 0 pruned nodes, max_depth=6
[30]	validation_0-mlogloss:1.35951	validation_0-merror:0.48387
[22:50:57] INFO: ../src/tree/updater_prune.cc:101: tree pruning end, 20 extra nodes, 0 pruned nodes, max_depth=6
[22:50:57] INFO: ../src/tree/updater_prune.cc:101: tree pruning end, 6 extra nodes, 0 pruned nodes, max_depth=3
[22:50:58] INFO: ../src/tree/updater_prune.cc:101: tree pruning end, 22 extra nodes, 0 pruned nodes, max_depth=6
[22:50:58] INFO: ../src/tree/updater_prune.cc:101: tree pruning end, 24 extra nodes, 0 pruned nodes, max_depth=6
[22:50:58] INFO: ../src/tree/updater_prune.cc:101: tree pruning end, 22 extra nodes, 0 pruned nodes, max_depth=6
[22:50:58] INFO: ../src/tree/updater_prune.cc:101: tree pruning end, 14 extra nodes, 0 pruned nodes, max_depth=6
[22:50:58] INFO: ../src/tree/updater_prune.cc:101: tree pruning end, 18 extra nodes, 0 pruned nodes, max_depth=6
[31]	validation_0-mlogloss:1.36158	validation_0-merror:0.49032
[22:50:58] INFO: ../src/tree/updater_prune.cc:101: tree pruning end, 28 extra nodes, 0 pruned nodes, max_depth=6
[22:50:58] INFO: ../src/tree/updater_prune.cc:101: tree pruning end, 6 extra nodes, 0 pruned nodes, max_depth=3
[22:50:59] INFO: ../src/tree/updater_prune.cc:101: tree pruning end, 28 extra nodes, 0 pruned nodes, max_depth=6
[22:50:59] INFO: ../src/tree/updater_prune.cc:101: tree pruning end, 16 extra nodes, 0 pruned nodes, max_depth=6
[22:50:59] INFO: ../src/tree/updater_prune.cc:101: tree pruning end, 18 extra nodes, 0 pruned nodes, max_depth=5
[22:50:59] INFO: ../src/tree/updater_prune.cc:101: tree pruning end, 16 extra nodes, 0 pruned nodes, max_depth=6
[22:50:59] INFO: ../src/tree/updater_prune.cc:101: tree pruning end, 16 extra nodes, 0 pruned nodes, max_depth=6
[32]	validation_0-mlogloss:1.35839	validation_0-merror:0.49677
[22:51:00] INFO: ../src/tree/updater_prune.cc:101: tree pruning end, 22 extra nodes, 0 pruned nodes, max_depth=6
[22:51:00] INFO: ../src/tree/updater_prune.cc:101: tree pruning end, 6 extra nodes, 0 pruned nodes, max_depth=2
[22:51:00] INFO: ../src/tree/updater_prune.cc:101: tree pruning end, 18 extra nodes, 0 pruned nodes, max_depth=6
[22:51:01] INFO: ../src/tree/updater_prune.cc:101: tree pruning end, 24 extra nodes, 0 pruned nodes, max_depth=6
[22:51:01] INFO: ../src/tree/updater_prune.cc:101: tree pruning end, 14 extra nodes, 0 pruned nodes, max_depth=6
[22:51:02] INFO: ../src/tree/updater_prune.cc:101: tree pruning end, 22 extra nodes, 0 pruned nodes, max_depth=6
[22:51:02] INFO: ../src/tree/updater_prune.cc:101: tree pruning end, 24 extra nodes, 0 pruned nodes, max_depth=6
[33]	validation_0-mlogloss:1.35868	validation_0-merror:0.48387
[22:51:02] INFO: ../src/tree/updater_prune.cc:101: tree pruning end, 26 extra nodes, 0 pruned nodes, max_depth=6
[22:51:02] INFO: ../src/tree/updater_prune.cc:101: tree pruning end, 6 extra nodes, 0 pruned nodes, max_depth=3
[22:51:02] INFO: ../src/tree/updater_prune.cc:101: tree pruning end, 20 extra nodes, 0 pruned nodes, max_depth=6
[22:51:02] INFO: ../src/tree/updater_prune.cc:101: tree pruning end, 22 extra nodes, 0 pruned nodes, max_depth=6
[22:51:02] INFO: ../src/tree/updater_prune.cc:101: tree pruning end, 16 extra nodes, 0 pruned nodes, max_depth=6
[22:51:02] INFO: ../src/tree/updater_prune.cc:101: tree pruning end, 12 extra nodes, 0 pruned nodes, max_depth=6
[22:51:02] INFO: ../src/tree/updater_prune.cc:101: tree pruning end, 22 extra nodes, 0 pruned nodes, max_depth=6
[34]	validation_0-mlogloss:1.35659	validation_0-merror:0.48387
[22:51:02] INFO: ../src/tree/updater_prune.cc:101: tree pruning end, 24 extra nodes, 0 pruned nodes, max_depth=6
[22:51:02] INFO: ../src/tree/updater_prune.cc:101: tree pruning end, 6 extra nodes, 0 pruned nodes, max_depth=3
[22:51:02] INFO: ../src/tree/updater_prune.cc:101: tree pruning end, 30 extra nodes, 0 pruned nodes, max_depth=6
[22:51:02] INFO: ../src/tree/updater_prune.cc:101: tree pruning end, 20 extra nodes, 0 pruned nodes, max_depth=6
[22:51:03] INFO: ../src/tree/updater_prune.cc:101: tree pruning end, 14 extra nodes, 0 pruned nodes, max_depth=5
[22:51:03] INFO: ../src/tree/updater_prune.cc:101: tree pruning end, 24 extra nodes, 0 pruned nodes, max_depth=6
[22:51:03] INFO: ../src/tree/updater_prune.cc:101: tree pruning end, 18 extra nodes, 0 pruned nodes, max_depth=6
[35]	validation_0-mlogloss:1.36461	validation_0-merror:0.47742
[22:51:03] INFO: ../src/tree/updater_prune.cc:101: tree pruning end, 16 extra nodes, 0 pruned nodes, max_depth=6
[22:51:03] INFO: ../src/tree/updater_prune.cc:101: tree pruning end, 4 extra nodes, 0 pruned nodes, max_depth=2
[22:51:03] INFO: ../src/tree/updater_prune.cc:101: tree pruning end, 18 extra nodes, 0 pruned nodes, max_depth=6
[22:51:03] INFO: ../src/tree/updater_prune.cc:101: tree pruning end, 24 extra nodes, 0 pruned nodes, max_depth=6
[22:51:03] INFO: ../src/tree/updater_prune.cc:101: tree pruning end, 14 extra nodes, 0 pruned nodes, max_depth=5
[22:51:03] INFO: ../src/tree/updater_prune.cc:101: tree pruning end, 22 extra nodes, 0 pruned nodes, max_depth=6
[22:51:03] INFO: ../src/tree/updater_prune.cc:101: tree pruning end, 18 extra nodes, 0 pruned nodes, max_depth=6
[36]	validation_0-mlogloss:1.36349	validation_0-merror:0.47742
[22:51:04] INFO: ../src/tree/updater_prune.cc:101: tree pruning end, 18 extra nodes, 0 pruned nodes, max_depth=6
[22:51:04] INFO: ../src/tree/updater_prune.cc:101: tree pruning end, 4 extra nodes, 0 pruned nodes, max_depth=2
[22:51:04] INFO: ../src/tree/updater_prune.cc:101: tree pruning end, 14 extra nodes, 0 pruned nodes, max_depth=6
[22:51:04] INFO: ../src/tree/updater_prune.cc:101: tree pruning end, 18 extra nodes, 0 pruned nodes, max_depth=6
[22:51:04] INFO: ../src/tree/updater_prune.cc:101: tree pruning end, 12 extra nodes, 0 pruned nodes, max_depth=6
[22:51:04] INFO: ../src/tree/updater_prune.cc:101: tree pruning end, 14 extra nodes, 0 pruned nodes, max_depth=6
[22:51:04] INFO: ../src/tree/updater_prune.cc:101: tree pruning end, 16 extra nodes, 0 pruned nodes, max_depth=6
[37]	validation_0-mlogloss:1.35960	validation_0-merror:0.49032
[22:51:04] INFO: ../src/tree/updater_prune.cc:101: tree pruning end, 24 extra nodes, 0 pruned nodes, max_depth=6
[22:51:04] INFO: ../src/tree/updater_prune.cc:101: tree pruning end, 4 extra nodes, 0 pruned nodes, max_depth=2
[22:51:04] INFO: ../src/tree/updater_prune.cc:101: tree pruning end, 18 extra nodes, 0 pruned nodes, max_depth=6
[22:51:05] INFO: ../src/tree/updater_prune.cc:101: tree pruning end, 18 extra nodes, 0 pruned nodes, max_depth=6
[22:51:05] INFO: ../src/tree/updater_prune.cc:101: tree pruning end, 14 extra nodes, 0 pruned nodes, max_depth=6
[22:51:05] INFO: ../src/tree/updater_prune.cc:101: tree pruning end, 24 extra nodes, 0 pruned nodes, max_depth=6
[22:51:05] INFO: ../src/tree/updater_prune.cc:101: tree pruning end, 24 extra nodes, 0 pruned nodes, max_depth=6
[38]	validation_0-mlogloss:1.36995	validation_0-merror:0.49032
[22:51:05] INFO: ../src/tree/updater_prune.cc:101: tree pruning end, 16 extra nodes, 0 pruned nodes, max_depth=6
[22:51:06] INFO: ../src/tree/updater_prune.cc:101: tree pruning end, 4 extra nodes, 0 pruned nodes, max_depth=2
[22:51:06] INFO: ../src/tree/updater_prune.cc:101: tree pruning end, 20 extra nodes, 0 pruned nodes, max_depth=6
[22:51:06] INFO: ../src/tree/updater_prune.cc:101: tree pruning end, 16 extra nodes, 0 pruned nodes, max_depth=6
[22:51:06] INFO: ../src/tree/updater_prune.cc:101: tree pruning end, 12 extra nodes, 0 pruned nodes, max_depth=5
[22:51:06] INFO: ../src/tree/updater_prune.cc:101: tree pruning end, 34 extra nodes, 0 pruned nodes, max_depth=6
[22:51:07] INFO: ../src/tree/updater_prune.cc:101: tree pruning end, 24 extra nodes, 0 pruned nodes, max_depth=6
[39]	validation_0-mlogloss:1.37374	validation_0-merror:0.49032
[22:51:07] INFO: ../src/tree/updater_prune.cc:101: tree pruning end, 20 extra nodes, 0 pruned nodes, max_depth=6
[22:51:07] INFO: ../src/tree/updater_prune.cc:101: tree pruning end, 4 extra nodes, 0 pruned nodes, max_depth=2
[22:51:07] INFO: ../src/tree/updater_prune.cc:101: tree pruning end, 16 extra nodes, 0 pruned nodes, max_depth=6
[22:51:07] INFO: ../src/tree/updater_prune.cc:101: tree pruning end, 14 extra nodes, 0 pruned nodes, max_depth=6
[22:51:07] INFO: ../src/tree/updater_prune.cc:101: tree pruning end, 14 extra nodes, 0 pruned nodes, max_depth=6
[22:51:07] INFO: ../src/tree/updater_prune.cc:101: tree pruning end, 14 extra nodes, 0 pruned nodes, max_depth=6
[22:51:07] INFO: ../src/tree/updater_prune.cc:101: tree pruning end, 14 extra nodes, 0 pruned nodes, max_depth=6
[40]	validation_0-mlogloss:1.37248	validation_0-merror:0.49032
[22:51:08] INFO: ../src/tree/updater_prune.cc:101: tree pruning end, 24 extra nodes, 0 pruned nodes, max_depth=6
[22:51:08] INFO: ../src/tree/updater_prune.cc:101: tree pruning end, 4 extra nodes, 0 pruned nodes, max_depth=2
[22:51:08] INFO: ../src/tree/updater_prune.cc:101: tree pruning end, 26 extra nodes, 0 pruned nodes, max_depth=6
[22:51:08] INFO: ../src/tree/updater_prune.cc:101: tree pruning end, 18 extra nodes, 0 pruned nodes, max_depth=6
[22:51:08] INFO: ../src/tree/updater_prune.cc:101: tree pruning end, 12 extra nodes, 0 pruned nodes, max_depth=5
[22:51:09] INFO: ../src/tree/updater_prune.cc:101: tree pruning end, 24 extra nodes, 0 pruned nodes, max_depth=6
[22:51:09] INFO: ../src/tree/updater_prune.cc:101: tree pruning end, 14 extra nodes, 0 pruned nodes, max_depth=6
[41]	validation_0-mlogloss:1.36972	validation_0-merror:0.49032
[22:51:09] INFO: ../src/tree/updater_prune.cc:101: tree pruning end, 20 extra nodes, 0 pruned nodes, max_depth=6
[22:51:09] INFO: ../src/tree/updater_prune.cc:101: tree pruning end, 4 extra nodes, 0 pruned nodes, max_depth=2
[22:51:09] INFO: ../src/tree/updater_prune.cc:101: tree pruning end, 28 extra nodes, 0 pruned nodes, max_depth=6
[22:51:10] INFO: ../src/tree/updater_prune.cc:101: tree pruning end, 18 extra nodes, 0 pruned nodes, max_depth=6
[22:51:10] INFO: ../src/tree/updater_prune.cc:101: tree pruning end, 12 extra nodes, 0 pruned nodes, max_depth=5
[22:51:10] INFO: ../src/tree/updater_prune.cc:101: tree pruning end, 20 extra nodes, 0 pruned nodes, max_depth=6
[22:51:10] INFO: ../src/tree/updater_prune.cc:101: tree pruning end, 12 extra nodes, 0 pruned nodes, max_depth=6
[42]	validation_0-mlogloss:1.37549	validation_0-merror:0.49032
[22:51:10] INFO: ../src/tree/updater_prune.cc:101: tree pruning end, 16 extra nodes, 0 pruned nodes, max_depth=6
[22:51:10] INFO: ../src/tree/updater_prune.cc:101: tree pruning end, 4 extra nodes, 0 pruned nodes, max_depth=2
[22:51:10] INFO: ../src/tree/updater_prune.cc:101: tree pruning end, 26 extra nodes, 0 pruned nodes, max_depth=6
[22:51:10] INFO: ../src/tree/updater_prune.cc:101: tree pruning end, 20 extra nodes, 0 pruned nodes, max_depth=6
[22:51:10] INFO: ../src/tree/updater_prune.cc:101: tree pruning end, 12 extra nodes, 0 pruned nodes, max_depth=4
[22:51:10] INFO: ../src/tree/updater_prune.cc:101: tree pruning end, 22 extra nodes, 0 pruned nodes, max_depth=6
[22:51:10] INFO: ../src/tree/updater_prune.cc:101: tree pruning end, 18 extra nodes, 0 pruned nodes, max_depth=6
[43]	validation_0-mlogloss:1.37296	validation_0-merror:0.49032
[22:51:11] INFO: ../src/tree/updater_prune.cc:101: tree pruning end, 24 extra nodes, 0 pruned nodes, max_depth=6
[22:51:11] INFO: ../src/tree/updater_prune.cc:101: tree pruning end, 4 extra nodes, 0 pruned nodes, max_depth=2
[22:51:11] INFO: ../src/tree/updater_prune.cc:101: tree pruning end, 16 extra nodes, 0 pruned nodes, max_depth=6
[22:51:11] INFO: ../src/tree/updater_prune.cc:101: tree pruning end, 18 extra nodes, 0 pruned nodes, max_depth=6
[22:51:11] INFO: ../src/tree/updater_prune.cc:101: tree pruning end, 12 extra nodes, 0 pruned nodes, max_depth=5
[22:51:12] INFO: ../src/tree/updater_prune.cc:101: tree pruning end, 20 extra nodes, 0 pruned nodes, max_depth=6
[22:51:12] INFO: ../src/tree/updater_prune.cc:101: tree pruning end, 18 extra nodes, 0 pruned nodes, max_depth=6
[44]	validation_0-mlogloss:1.37663	validation_0-merror:0.48387
[22:51:12] INFO: ../src/tree/updater_prune.cc:101: tree pruning end, 24 extra nodes, 0 pruned nodes, max_depth=6
[22:51:12] INFO: ../src/tree/updater_prune.cc:101: tree pruning end, 2 extra nodes, 0 pruned nodes, max_depth=1
[22:51:12] INFO: ../src/tree/updater_prune.cc:101: tree pruning end, 18 extra nodes, 0 pruned nodes, max_depth=6
[22:51:12] INFO: ../src/tree/updater_prune.cc:101: tree pruning end, 20 extra nodes, 0 pruned nodes, max_depth=6
[22:51:12] INFO: ../src/tree/updater_prune.cc:101: tree pruning end, 12 extra nodes, 0 pruned nodes, max_depth=5
[22:51:12] INFO: ../src/tree/updater_prune.cc:101: tree pruning end, 26 extra nodes, 0 pruned nodes, max_depth=6
[22:51:12] INFO: ../src/tree/updater_prune.cc:101: tree pruning end, 16 extra nodes, 0 pruned nodes, max_depth=6
[45]	validation_0-mlogloss:1.37150	validation_0-merror:0.47097
[22:51:12] INFO: ../src/tree/updater_prune.cc:101: tree pruning end, 18 extra nodes, 0 pruned nodes, max_depth=6
[22:51:12] INFO: ../src/tree/updater_prune.cc:101: tree pruning end, 2 extra nodes, 0 pruned nodes, max_depth=1
[22:51:13] INFO: ../src/tree/updater_prune.cc:101: tree pruning end, 22 extra nodes, 0 pruned nodes, max_depth=6
[22:51:13] INFO: ../src/tree/updater_prune.cc:101: tree pruning end, 14 extra nodes, 0 pruned nodes, max_depth=4
[22:51:13] INFO: ../src/tree/updater_prune.cc:101: tree pruning end, 12 extra nodes, 0 pruned nodes, max_depth=6
[22:51:13] INFO: ../src/tree/updater_prune.cc:101: tree pruning end, 16 extra nodes, 0 pruned nodes, max_depth=6
[22:51:13] INFO: ../src/tree/updater_prune.cc:101: tree pruning end, 20 extra nodes, 0 pruned nodes, max_depth=6
[46]	validation_0-mlogloss:1.37774	validation_0-merror:0.48387
[22:51:14] INFO: ../src/tree/updater_prune.cc:101: tree pruning end, 20 extra nodes, 0 pruned nodes, max_depth=6
[22:51:14] INFO: ../src/tree/updater_prune.cc:101: tree pruning end, 2 extra nodes, 0 pruned nodes, max_depth=1
[22:51:14] INFO: ../src/tree/updater_prune.cc:101: tree pruning end, 20 extra nodes, 0 pruned nodes, max_depth=6
[22:51:14] INFO: ../src/tree/updater_prune.cc:101: tree pruning end, 16 extra nodes, 0 pruned nodes, max_depth=6
[22:51:14] INFO: ../src/tree/updater_prune.cc:101: tree pruning end, 12 extra nodes, 0 pruned nodes, max_depth=5
[22:51:14] INFO: ../src/tree/updater_prune.cc:101: tree pruning end, 20 extra nodes, 0 pruned nodes, max_depth=6
[22:51:14] INFO: ../src/tree/updater_prune.cc:101: tree pruning end, 16 extra nodes, 0 pruned nodes, max_depth=6
[47]	validation_0-mlogloss:1.38164	validation_0-merror:0.47742
[22:51:15] INFO: ../src/tree/updater_prune.cc:101: tree pruning end, 20 extra nodes, 0 pruned nodes, max_depth=6
[22:51:15] INFO: ../src/tree/updater_prune.cc:101: tree pruning end, 2 extra nodes, 0 pruned nodes, max_depth=1
[22:51:15] INFO: ../src/tree/updater_prune.cc:101: tree pruning end, 16 extra nodes, 0 pruned nodes, max_depth=6
[22:51:15] INFO: ../src/tree/updater_prune.cc:101: tree pruning end, 16 extra nodes, 0 pruned nodes, max_depth=6
[22:51:15] INFO: ../src/tree/updater_prune.cc:101: tree pruning end, 10 extra nodes, 0 pruned nodes, max_depth=5
[22:51:15] INFO: ../src/tree/updater_prune.cc:101: tree pruning end, 22 extra nodes, 0 pruned nodes, max_depth=6
[22:51:15] INFO: ../src/tree/updater_prune.cc:101: tree pruning end, 20 extra nodes, 0 pruned nodes, max_depth=6
[48]	validation_0-mlogloss:1.38454	validation_0-merror:0.47097
[22:51:15] INFO: ../src/tree/updater_prune.cc:101: tree pruning end, 16 extra nodes, 0 pruned nodes, max_depth=6
[22:51:15] INFO: ../src/tree/updater_prune.cc:101: tree pruning end, 2 extra nodes, 0 pruned nodes, max_depth=1
[22:51:15] INFO: ../src/tree/updater_prune.cc:101: tree pruning end, 16 extra nodes, 0 pruned nodes, max_depth=6
[22:51:15] INFO: ../src/tree/updater_prune.cc:101: tree pruning end, 12 extra nodes, 0 pruned nodes, max_depth=6
[22:51:15] INFO: ../src/tree/updater_prune.cc:101: tree pruning end, 8 extra nodes, 0 pruned nodes, max_depth=4
[22:51:15] INFO: ../src/tree/updater_prune.cc:101: tree pruning end, 20 extra nodes, 0 pruned nodes, max_depth=6
[22:51:15] INFO: ../src/tree/updater_prune.cc:101: tree pruning end, 12 extra nodes, 0 pruned nodes, max_depth=6
[49]	validation_0-mlogloss:1.38489	validation_0-merror:0.47742
[22:51:15] INFO: ../src/tree/updater_prune.cc:101: tree pruning end, 16 extra nodes, 0 pruned nodes, max_depth=6
[22:51:15] INFO: ../src/tree/updater_prune.cc:101: tree pruning end, 2 extra nodes, 0 pruned nodes, max_depth=1
[22:51:16] INFO: ../src/tree/updater_prune.cc:101: tree pruning end, 16 extra nodes, 0 pruned nodes, max_depth=6
[22:51:16] INFO: ../src/tree/updater_prune.cc:101: tree pruning end, 16 extra nodes, 0 pruned nodes, max_depth=5
[22:51:16] INFO: ../src/tree/updater_prune.cc:101: tree pruning end, 10 extra nodes, 0 pruned nodes, max_depth=5
[22:51:16] INFO: ../src/tree/updater_prune.cc:101: tree pruning end, 16 extra nodes, 0 pruned nodes, max_depth=6
[22:51:16] INFO: ../src/tree/updater_prune.cc:101: tree pruning end, 18 extra nodes, 0 pruned nodes, max_depth=6
[50]	validation_0-mlogloss:1.38844	validation_0-merror:0.47742
[22:51:16] INFO: ../src/tree/updater_prune.cc:101: tree pruning end, 18 extra nodes, 0 pruned nodes, max_depth=6
[22:51:16] INFO: ../src/tree/updater_prune.cc:101: tree pruning end, 2 extra nodes, 0 pruned nodes, max_depth=1
[22:51:17] INFO: ../src/tree/updater_prune.cc:101: tree pruning end, 26 extra nodes, 0 pruned nodes, max_depth=6
[22:51:17] INFO: ../src/tree/updater_prune.cc:101: tree pruning end, 16 extra nodes, 0 pruned nodes, max_depth=5
[22:51:17] INFO: ../src/tree/updater_prune.cc:101: tree pruning end, 10 extra nodes, 0 pruned nodes, max_depth=4
[22:51:17] INFO: ../src/tree/updater_prune.cc:101: tree pruning end, 16 extra nodes, 0 pruned nodes, max_depth=6
[22:51:17] INFO: ../src/tree/updater_prune.cc:101: tree pruning end, 18 extra nodes, 0 pruned nodes, max_depth=6
[51]	validation_0-mlogloss:1.39101	validation_0-merror:0.47097
[22:51:17] INFO: ../src/tree/updater_prune.cc:101: tree pruning end, 20 extra nodes, 0 pruned nodes, max_depth=6
[22:51:17] INFO: ../src/tree/updater_prune.cc:101: tree pruning end, 2 extra nodes, 0 pruned nodes, max_depth=1
[22:51:18] INFO: ../src/tree/updater_prune.cc:101: tree pruning end, 24 extra nodes, 0 pruned nodes, max_depth=6
[22:51:18] INFO: ../src/tree/updater_prune.cc:101: tree pruning end, 18 extra nodes, 0 pruned nodes, max_depth=6
[22:51:18] INFO: ../src/tree/updater_prune.cc:101: tree pruning end, 8 extra nodes, 0 pruned nodes, max_depth=4
[22:51:18] INFO: ../src/tree/updater_prune.cc:101: tree pruning end, 16 extra nodes, 0 pruned nodes, max_depth=6
[22:51:18] INFO: ../src/tree/updater_prune.cc:101: tree pruning end, 18 extra nodes, 0 pruned nodes, max_depth=6
[52]	validation_0-mlogloss:1.39163	validation_0-merror:0.47742
[22:51:18] INFO: ../src/tree/updater_prune.cc:101: tree pruning end, 20 extra nodes, 0 pruned nodes, max_depth=6
[22:51:19] INFO: ../src/tree/updater_prune.cc:101: tree pruning end, 2 extra nodes, 0 pruned nodes, max_depth=1
[22:51:19] INFO: ../src/tree/updater_prune.cc:101: tree pruning end, 22 extra nodes, 0 pruned nodes, max_depth=6
[22:51:19] INFO: ../src/tree/updater_prune.cc:101: tree pruning end, 14 extra nodes, 0 pruned nodes, max_depth=6
[22:51:19] INFO: ../src/tree/updater_prune.cc:101: tree pruning end, 8 extra nodes, 0 pruned nodes, max_depth=4
[22:51:19] INFO: ../src/tree/updater_prune.cc:101: tree pruning end, 20 extra nodes, 0 pruned nodes, max_depth=6
[22:51:19] INFO: ../src/tree/updater_prune.cc:101: tree pruning end, 20 extra nodes, 0 pruned nodes, max_depth=6
[53]	validation_0-mlogloss:1.39023	validation_0-merror:0.47097
[22:51:19] INFO: ../src/tree/updater_prune.cc:101: tree pruning end, 20 extra nodes, 0 pruned nodes, max_depth=6
[22:51:19] INFO: ../src/tree/updater_prune.cc:101: tree pruning end, 2 extra nodes, 0 pruned nodes, max_depth=1
[22:51:19] INFO: ../src/tree/updater_prune.cc:101: tree pruning end, 20 extra nodes, 0 pruned nodes, max_depth=6
[22:51:20] INFO: ../src/tree/updater_prune.cc:101: tree pruning end, 14 extra nodes, 0 pruned nodes, max_depth=6
[22:51:20] INFO: ../src/tree/updater_prune.cc:101: tree pruning end, 8 extra nodes, 0 pruned nodes, max_depth=4
[22:51:20] INFO: ../src/tree/updater_prune.cc:101: tree pruning end, 24 extra nodes, 0 pruned nodes, max_depth=6
[22:51:20] INFO: ../src/tree/updater_prune.cc:101: tree pruning end, 22 extra nodes, 0 pruned nodes, max_depth=6
[54]	validation_0-mlogloss:1.39212	validation_0-merror:0.47097
[22:51:20] INFO: ../src/tree/updater_prune.cc:101: tree pruning end, 28 extra nodes, 0 pruned nodes, max_depth=6
[22:51:20] INFO: ../src/tree/updater_prune.cc:101: tree pruning end, 2 extra nodes, 0 pruned nodes, max_depth=1
[22:51:21] INFO: ../src/tree/updater_prune.cc:101: tree pruning end, 18 extra nodes, 0 pruned nodes, max_depth=6
[22:51:21] INFO: ../src/tree/updater_prune.cc:101: tree pruning end, 14 extra nodes, 0 pruned nodes, max_depth=5
[22:51:21] INFO: ../src/tree/updater_prune.cc:101: tree pruning end, 10 extra nodes, 0 pruned nodes, max_depth=4
[22:51:21] INFO: ../src/tree/updater_prune.cc:101: tree pruning end, 12 extra nodes, 0 pruned nodes, max_depth=6
[22:51:21] INFO: ../src/tree/updater_prune.cc:101: tree pruning end, 20 extra nodes, 0 pruned nodes, max_depth=6
[55]	validation_0-mlogloss:1.38907	validation_0-merror:0.47097
[22:51:22] INFO: ../src/tree/updater_prune.cc:101: tree pruning end, 20 extra nodes, 0 pruned nodes, max_depth=6
[22:51:22] INFO: ../src/tree/updater_prune.cc:101: tree pruning end, 2 extra nodes, 0 pruned nodes, max_depth=1
[22:51:22] INFO: ../src/tree/updater_prune.cc:101: tree pruning end, 20 extra nodes, 0 pruned nodes, max_depth=6
[22:51:22] INFO: ../src/tree/updater_prune.cc:101: tree pruning end, 16 extra nodes, 0 pruned nodes, max_depth=6
[22:51:22] INFO: ../src/tree/updater_prune.cc:101: tree pruning end, 8 extra nodes, 0 pruned nodes, max_depth=4
[22:51:22] INFO: ../src/tree/updater_prune.cc:101: tree pruning end, 14 extra nodes, 0 pruned nodes, max_depth=6
[22:51:22] INFO: ../src/tree/updater_prune.cc:101: tree pruning end, 14 extra nodes, 0 pruned nodes, max_depth=6
[56]	validation_0-mlogloss:1.39692	validation_0-merror:0.46452
[22:51:22] INFO: ../src/tree/updater_prune.cc:101: tree pruning end, 28 extra nodes, 0 pruned nodes, max_depth=6
[22:51:22] INFO: ../src/tree/updater_prune.cc:101: tree pruning end, 2 extra nodes, 0 pruned nodes, max_depth=1
[22:51:22] INFO: ../src/tree/updater_prune.cc:101: tree pruning end, 22 extra nodes, 0 pruned nodes, max_depth=6
[22:51:22] INFO: ../src/tree/updater_prune.cc:101: tree pruning end, 12 extra nodes, 0 pruned nodes, max_depth=5
[22:51:23] INFO: ../src/tree/updater_prune.cc:101: tree pruning end, 8 extra nodes, 0 pruned nodes, max_depth=4
[22:51:23] INFO: ../src/tree/updater_prune.cc:101: tree pruning end, 14 extra nodes, 0 pruned nodes, max_depth=6
[22:51:23] INFO: ../src/tree/updater_prune.cc:101: tree pruning end, 18 extra nodes, 0 pruned nodes, max_depth=6
[57]	validation_0-mlogloss:1.39737	validation_0-merror:0.45806
[22:51:23] INFO: ../src/tree/updater_prune.cc:101: tree pruning end, 18 extra nodes, 0 pruned nodes, max_depth=6
[22:51:23] INFO: ../src/tree/updater_prune.cc:101: tree pruning end, 2 extra nodes, 0 pruned nodes, max_depth=1
[22:51:23] INFO: ../src/tree/updater_prune.cc:101: tree pruning end, 16 extra nodes, 0 pruned nodes, max_depth=6
[22:51:23] INFO: ../src/tree/updater_prune.cc:101: tree pruning end, 12 extra nodes, 0 pruned nodes, max_depth=5
[22:51:23] INFO: ../src/tree/updater_prune.cc:101: tree pruning end, 8 extra nodes, 0 pruned nodes, max_depth=4
[22:51:23] INFO: ../src/tree/updater_prune.cc:101: tree pruning end, 22 extra nodes, 0 pruned nodes, max_depth=6
[22:51:24] INFO: ../src/tree/updater_prune.cc:101: tree pruning end, 22 extra nodes, 0 pruned nodes, max_depth=6
[58]	validation_0-mlogloss:1.39972	validation_0-merror:0.45806
[22:51:24] INFO: ../src/tree/updater_prune.cc:101: tree pruning end, 14 extra nodes, 0 pruned nodes, max_depth=6
[22:51:24] INFO: ../src/tree/updater_prune.cc:101: tree pruning end, 2 extra nodes, 0 pruned nodes, max_depth=1
[22:51:24] INFO: ../src/tree/updater_prune.cc:101: tree pruning end, 16 extra nodes, 0 pruned nodes, max_depth=6
[22:51:24] INFO: ../src/tree/updater_prune.cc:101: tree pruning end, 12 extra nodes, 0 pruned nodes, max_depth=5
[22:51:24] INFO: ../src/tree/updater_prune.cc:101: tree pruning end, 8 extra nodes, 0 pruned nodes, max_depth=4
[22:51:24] INFO: ../src/tree/updater_prune.cc:101: tree pruning end, 14 extra nodes, 0 pruned nodes, max_depth=6
[22:51:24] INFO: ../src/tree/updater_prune.cc:101: tree pruning end, 22 extra nodes, 0 pruned nodes, max_depth=6
[59]	validation_0-mlogloss:1.39823	validation_0-merror:0.45806
[22:51:24] INFO: ../src/tree/updater_prune.cc:101: tree pruning end, 26 extra nodes, 0 pruned nodes, max_depth=6
[22:51:24] INFO: ../src/tree/updater_prune.cc:101: tree pruning end, 2 extra nodes, 0 pruned nodes, max_depth=1
[22:51:24] INFO: ../src/tree/updater_prune.cc:101: tree pruning end, 18 extra nodes, 0 pruned nodes, max_depth=6
[22:51:24] INFO: ../src/tree/updater_prune.cc:101: tree pruning end, 14 extra nodes, 0 pruned nodes, max_depth=6
[22:51:24] INFO: ../src/tree/updater_prune.cc:101: tree pruning end, 8 extra nodes, 0 pruned nodes, max_depth=3
[22:51:25] INFO: ../src/tree/updater_prune.cc:101: tree pruning end, 22 extra nodes, 0 pruned nodes, max_depth=5
[22:51:25] INFO: ../src/tree/updater_prune.cc:101: tree pruning end, 20 extra nodes, 0 pruned nodes, max_depth=6
[60]	validation_0-mlogloss:1.40020	validation_0-merror:0.45806
[22:51:25] INFO: ../src/tree/updater_prune.cc:101: tree pruning end, 20 extra nodes, 0 pruned nodes, max_depth=6
[22:51:25] INFO: ../src/tree/updater_prune.cc:101: tree pruning end, 2 extra nodes, 0 pruned nodes, max_depth=1
[22:51:25] INFO: ../src/tree/updater_prune.cc:101: tree pruning end, 20 extra nodes, 0 pruned nodes, max_depth=6
[22:51:25] INFO: ../src/tree/updater_prune.cc:101: tree pruning end, 12 extra nodes, 0 pruned nodes, max_depth=5
[22:51:25] INFO: ../src/tree/updater_prune.cc:101: tree pruning end, 8 extra nodes, 0 pruned nodes, max_depth=4
[22:51:25] INFO: ../src/tree/updater_prune.cc:101: tree pruning end, 18 extra nodes, 0 pruned nodes, max_depth=6
[22:51:25] INFO: ../src/tree/updater_prune.cc:101: tree pruning end, 20 extra nodes, 0 pruned nodes, max_depth=6
[61]	validation_0-mlogloss:1.40048	validation_0-merror:0.45806
[22:51:25] INFO: ../src/tree/updater_prune.cc:101: tree pruning end, 18 extra nodes, 0 pruned nodes, max_depth=6
[22:51:26] INFO: ../src/tree/updater_prune.cc:101: tree pruning end, 2 extra nodes, 0 pruned nodes, max_depth=1
[22:51:26] INFO: ../src/tree/updater_prune.cc:101: tree pruning end, 22 extra nodes, 0 pruned nodes, max_depth=6
[22:51:26] INFO: ../src/tree/updater_prune.cc:101: tree pruning end, 10 extra nodes, 0 pruned nodes, max_depth=5
[22:51:26] INFO: ../src/tree/updater_prune.cc:101: tree pruning end, 8 extra nodes, 0 pruned nodes, max_depth=4
[22:51:26] INFO: ../src/tree/updater_prune.cc:101: tree pruning end, 22 extra nodes, 0 pruned nodes, max_depth=6
[22:51:26] INFO: ../src/tree/updater_prune.cc:101: tree pruning end, 14 extra nodes, 0 pruned nodes, max_depth=6
[62]	validation_0-mlogloss:1.40124	validation_0-merror:0.46452
[22:51:26] INFO: ../src/tree/updater_prune.cc:101: tree pruning end, 20 extra nodes, 0 pruned nodes, max_depth=6
[22:51:26] INFO: ../src/tree/updater_prune.cc:101: tree pruning end, 2 extra nodes, 0 pruned nodes, max_depth=1
[22:51:26] INFO: ../src/tree/updater_prune.cc:101: tree pruning end, 14 extra nodes, 0 pruned nodes, max_depth=6
[22:51:26] INFO: ../src/tree/updater_prune.cc:101: tree pruning end, 12 extra nodes, 0 pruned nodes, max_depth=4
[22:51:27] INFO: ../src/tree/updater_prune.cc:101: tree pruning end, 8 extra nodes, 0 pruned nodes, max_depth=4
[22:51:27] INFO: ../src/tree/updater_prune.cc:101: tree pruning end, 20 extra nodes, 0 pruned nodes, max_depth=6
[22:51:27] INFO: ../src/tree/updater_prune.cc:101: tree pruning end, 18 extra nodes, 0 pruned nodes, max_depth=6
[63]	validation_0-mlogloss:1.40381	validation_0-merror:0.46452
[22:51:27] INFO: ../src/tree/updater_prune.cc:101: tree pruning end, 22 extra nodes, 0 pruned nodes, max_depth=6
[22:51:27] INFO: ../src/tree/updater_prune.cc:101: tree pruning end, 2 extra nodes, 0 pruned nodes, max_depth=1
[22:51:27] INFO: ../src/tree/updater_prune.cc:101: tree pruning end, 16 extra nodes, 0 pruned nodes, max_depth=6
[22:51:27] INFO: ../src/tree/updater_prune.cc:101: tree pruning end, 10 extra nodes, 0 pruned nodes, max_depth=5
[22:51:27] INFO: ../src/tree/updater_prune.cc:101: tree pruning end, 8 extra nodes, 0 pruned nodes, max_depth=3
[22:51:28] INFO: ../src/tree/updater_prune.cc:101: tree pruning end, 22 extra nodes, 0 pruned nodes, max_depth=6
[22:51:28] INFO: ../src/tree/updater_prune.cc:101: tree pruning end, 16 extra nodes, 0 pruned nodes, max_depth=6
[64]	validation_0-mlogloss:1.40388	validation_0-merror:0.46452
[22:51:28] INFO: ../src/tree/updater_prune.cc:101: tree pruning end, 18 extra nodes, 0 pruned nodes, max_depth=6
[22:51:28] INFO: ../src/tree/updater_prune.cc:101: tree pruning end, 2 extra nodes, 0 pruned nodes, max_depth=1
[22:51:28] INFO: ../src/tree/updater_prune.cc:101: tree pruning end, 20 extra nodes, 0 pruned nodes, max_depth=5
[22:51:28] INFO: ../src/tree/updater_prune.cc:101: tree pruning end, 10 extra nodes, 0 pruned nodes, max_depth=5
[22:51:28] INFO: ../src/tree/updater_prune.cc:101: tree pruning end, 6 extra nodes, 0 pruned nodes, max_depth=3
[22:51:29] INFO: ../src/tree/updater_prune.cc:101: tree pruning end, 14 extra nodes, 0 pruned nodes, max_depth=6
[22:51:29] INFO: ../src/tree/updater_prune.cc:101: tree pruning end, 20 extra nodes, 0 pruned nodes, max_depth=6
[65]	validation_0-mlogloss:1.40551	validation_0-merror:0.45806
[22:51:29] INFO: ../src/tree/updater_prune.cc:101: tree pruning end, 16 extra nodes, 0 pruned nodes, max_depth=6
[22:51:29] INFO: ../src/tree/updater_prune.cc:101: tree pruning end, 2 extra nodes, 0 pruned nodes, max_depth=1
[22:51:29] INFO: ../src/tree/updater_prune.cc:101: tree pruning end, 16 extra nodes, 0 pruned nodes, max_depth=6
[22:51:29] INFO: ../src/tree/updater_prune.cc:101: tree pruning end, 12 extra nodes, 0 pruned nodes, max_depth=5
[22:51:29] INFO: ../src/tree/updater_prune.cc:101: tree pruning end, 6 extra nodes, 0 pruned nodes, max_depth=3
[22:51:29] INFO: ../src/tree/updater_prune.cc:101: tree pruning end, 20 extra nodes, 0 pruned nodes, max_depth=6
[22:51:29] INFO: ../src/tree/updater_prune.cc:101: tree pruning end, 18 extra nodes, 0 pruned nodes, max_depth=6
[66]	validation_0-mlogloss:1.40794	validation_0-merror:0.46452
[22:51:29] INFO: ../src/tree/updater_prune.cc:101: tree pruning end, 18 extra nodes, 0 pruned nodes, max_depth=6
[22:51:29] INFO: ../src/tree/updater_prune.cc:101: tree pruning end, 0 extra nodes, 0 pruned nodes, max_depth=0
[22:51:29] INFO: ../src/tree/updater_prune.cc:101: tree pruning end, 18 extra nodes, 0 pruned nodes, max_depth=6
[22:51:29] INFO: ../src/tree/updater_prune.cc:101: tree pruning end, 12 extra nodes, 0 pruned nodes, max_depth=4
[22:51:29] INFO: ../src/tree/updater_prune.cc:101: tree pruning end, 6 extra nodes, 0 pruned nodes, max_depth=3
[22:51:29] INFO: ../src/tree/updater_prune.cc:101: tree pruning end, 16 extra nodes, 0 pruned nodes, max_depth=4
[22:51:30] INFO: ../src/tree/updater_prune.cc:101: tree pruning end, 16 extra nodes, 0 pruned nodes, max_depth=6
[67]	validation_0-mlogloss:1.40687	validation_0-merror:0.45161
[22:51:30] INFO: ../src/tree/updater_prune.cc:101: tree pruning end, 18 extra nodes, 0 pruned nodes, max_depth=6
[22:51:30] INFO: ../src/tree/updater_prune.cc:101: tree pruning end, 0 extra nodes, 0 pruned nodes, max_depth=0
[22:51:30] INFO: ../src/tree/updater_prune.cc:101: tree pruning end, 16 extra nodes, 0 pruned nodes, max_depth=6
[22:51:30] INFO: ../src/tree/updater_prune.cc:101: tree pruning end, 10 extra nodes, 0 pruned nodes, max_depth=4
[22:51:30] INFO: ../src/tree/updater_prune.cc:101: tree pruning end, 8 extra nodes, 0 pruned nodes, max_depth=4
[22:51:30] INFO: ../src/tree/updater_prune.cc:101: tree pruning end, 18 extra nodes, 0 pruned nodes, max_depth=6
[22:51:30] INFO: ../src/tree/updater_prune.cc:101: tree pruning end, 18 extra nodes, 0 pruned nodes, max_depth=6
[68]	validation_0-mlogloss:1.40721	validation_0-merror:0.44516
[22:51:30] INFO: ../src/tree/updater_prune.cc:101: tree pruning end, 18 extra nodes, 0 pruned nodes, max_depth=6
[22:51:30] INFO: ../src/tree/updater_prune.cc:101: tree pruning end, 0 extra nodes, 0 pruned nodes, max_depth=0
[22:51:30] INFO: ../src/tree/updater_prune.cc:101: tree pruning end, 18 extra nodes, 0 pruned nodes, max_depth=6
[22:51:30] INFO: ../src/tree/updater_prune.cc:101: tree pruning end, 10 extra nodes, 0 pruned nodes, max_depth=4
[22:51:30] INFO: ../src/tree/updater_prune.cc:101: tree pruning end, 6 extra nodes, 0 pruned nodes, max_depth=3
[22:51:30] INFO: ../src/tree/updater_prune.cc:101: tree pruning end, 14 extra nodes, 0 pruned nodes, max_depth=6
[22:51:30] INFO: ../src/tree/updater_prune.cc:101: tree pruning end, 18 extra nodes, 0 pruned nodes, max_depth=6
[69]	validation_0-mlogloss:1.40971	validation_0-merror:0.45161
[22:51:30] INFO: ../src/tree/updater_prune.cc:101: tree pruning end, 22 extra nodes, 0 pruned nodes, max_depth=6
[22:51:30] INFO: ../src/tree/updater_prune.cc:101: tree pruning end, 0 extra nodes, 0 pruned nodes, max_depth=0
[22:51:31] INFO: ../src/tree/updater_prune.cc:101: tree pruning end, 18 extra nodes, 0 pruned nodes, max_depth=6
[22:51:31] INFO: ../src/tree/updater_prune.cc:101: tree pruning end, 8 extra nodes, 0 pruned nodes, max_depth=4
[22:51:31] INFO: ../src/tree/updater_prune.cc:101: tree pruning end, 8 extra nodes, 0 pruned nodes, max_depth=3
[22:51:31] INFO: ../src/tree/updater_prune.cc:101: tree pruning end, 18 extra nodes, 0 pruned nodes, max_depth=6
[22:51:31] INFO: ../src/tree/updater_prune.cc:101: tree pruning end, 18 extra nodes, 0 pruned nodes, max_depth=6
[70]	validation_0-mlogloss:1.41208	validation_0-merror:0.45161
[22:51:32] INFO: ../src/tree/updater_prune.cc:101: tree pruning end, 20 extra nodes, 0 pruned nodes, max_depth=6
[22:51:32] INFO: ../src/tree/updater_prune.cc:101: tree pruning end, 0 extra nodes, 0 pruned nodes, max_depth=0
[22:51:32] INFO: ../src/tree/updater_prune.cc:101: tree pruning end, 18 extra nodes, 0 pruned nodes, max_depth=6
[22:51:32] INFO: ../src/tree/updater_prune.cc:101: tree pruning end, 12 extra nodes, 0 pruned nodes, max_depth=5
[22:51:32] INFO: ../src/tree/updater_prune.cc:101: tree pruning end, 6 extra nodes, 0 pruned nodes, max_depth=3
[22:51:32] INFO: ../src/tree/updater_prune.cc:101: tree pruning end, 16 extra nodes, 0 pruned nodes, max_depth=6
[22:51:32] INFO: ../src/tree/updater_prune.cc:101: tree pruning end, 22 extra nodes, 0 pruned nodes, max_depth=6
[71]	validation_0-mlogloss:1.41178	validation_0-merror:0.44516
[22:51:32] INFO: ../src/tree/updater_prune.cc:101: tree pruning end, 22 extra nodes, 0 pruned nodes, max_depth=6
[22:51:33] INFO: ../src/tree/updater_prune.cc:101: tree pruning end, 0 extra nodes, 0 pruned nodes, max_depth=0
[22:51:33] INFO: ../src/tree/updater_prune.cc:101: tree pruning end, 16 extra nodes, 0 pruned nodes, max_depth=6
[22:51:33] INFO: ../src/tree/updater_prune.cc:101: tree pruning end, 10 extra nodes, 0 pruned nodes, max_depth=4
[22:51:33] INFO: ../src/tree/updater_prune.cc:101: tree pruning end, 6 extra nodes, 0 pruned nodes, max_depth=3
[22:51:33] INFO: ../src/tree/updater_prune.cc:101: tree pruning end, 16 extra nodes, 0 pruned nodes, max_depth=6
[22:51:33] INFO: ../src/tree/updater_prune.cc:101: tree pruning end, 20 extra nodes, 0 pruned nodes, max_depth=6
[72]	validation_0-mlogloss:1.40660	validation_0-merror:0.45161
[22:51:33] INFO: ../src/tree/updater_prune.cc:101: tree pruning end, 26 extra nodes, 0 pruned nodes, max_depth=6
[22:51:33] INFO: ../src/tree/updater_prune.cc:101: tree pruning end, 0 extra nodes, 0 pruned nodes, max_depth=0
[22:51:33] INFO: ../src/tree/updater_prune.cc:101: tree pruning end, 14 extra nodes, 0 pruned nodes, max_depth=6
[22:51:33] INFO: ../src/tree/updater_prune.cc:101: tree pruning end, 10 extra nodes, 0 pruned nodes, max_depth=5
[22:51:33] INFO: ../src/tree/updater_prune.cc:101: tree pruning end, 6 extra nodes, 0 pruned nodes, max_depth=3
[22:51:33] INFO: ../src/tree/updater_prune.cc:101: tree pruning end, 18 extra nodes, 0 pruned nodes, max_depth=6
[22:51:33] INFO: ../src/tree/updater_prune.cc:101: tree pruning end, 14 extra nodes, 0 pruned nodes, max_depth=6
[73]	validation_0-mlogloss:1.41058	validation_0-merror:0.46452
[22:51:33] INFO: ../src/tree/updater_prune.cc:101: tree pruning end, 16 extra nodes, 0 pruned nodes, max_depth=6
[22:51:33] INFO: ../src/tree/updater_prune.cc:101: tree pruning end, 0 extra nodes, 0 pruned nodes, max_depth=0
[22:51:33] INFO: ../src/tree/updater_prune.cc:101: tree pruning end, 16 extra nodes, 0 pruned nodes, max_depth=6
[22:51:34] INFO: ../src/tree/updater_prune.cc:101: tree pruning end, 8 extra nodes, 0 pruned nodes, max_depth=3
[22:51:34] INFO: ../src/tree/updater_prune.cc:101: tree pruning end, 6 extra nodes, 0 pruned nodes, max_depth=3
[22:51:34] INFO: ../src/tree/updater_prune.cc:101: tree pruning end, 16 extra nodes, 0 pruned nodes, max_depth=6
[22:51:34] INFO: ../src/tree/updater_prune.cc:101: tree pruning end, 12 extra nodes, 0 pruned nodes, max_depth=6
[74]	validation_0-mlogloss:1.40751	validation_0-merror:0.45806
[22:51:34] INFO: ../src/tree/updater_prune.cc:101: tree pruning end, 18 extra nodes, 0 pruned nodes, max_depth=6
[22:51:34] INFO: ../src/tree/updater_prune.cc:101: tree pruning end, 0 extra nodes, 0 pruned nodes, max_depth=0
[22:51:34] INFO: ../src/tree/updater_prune.cc:101: tree pruning end, 16 extra nodes, 0 pruned nodes, max_depth=5
[22:51:34] INFO: ../src/tree/updater_prune.cc:101: tree pruning end, 10 extra nodes, 0 pruned nodes, max_depth=3
[22:51:34] INFO: ../src/tree/updater_prune.cc:101: tree pruning end, 6 extra nodes, 0 pruned nodes, max_depth=3
[22:51:34] INFO: ../src/tree/updater_prune.cc:101: tree pruning end, 20 extra nodes, 0 pruned nodes, max_depth=6
[22:51:34] INFO: ../src/tree/updater_prune.cc:101: tree pruning end, 12 extra nodes, 0 pruned nodes, max_depth=6
[75]	validation_0-mlogloss:1.41117	validation_0-merror:0.46452
[22:51:34] INFO: ../src/tree/updater_prune.cc:101: tree pruning end, 12 extra nodes, 0 pruned nodes, max_depth=6
[22:51:34] INFO: ../src/tree/updater_prune.cc:101: tree pruning end, 0 extra nodes, 0 pruned nodes, max_depth=0
[22:51:34] INFO: ../src/tree/updater_prune.cc:101: tree pruning end, 14 extra nodes, 0 pruned nodes, max_depth=6
[22:51:34] INFO: ../src/tree/updater_prune.cc:101: tree pruning end, 10 extra nodes, 0 pruned nodes, max_depth=4
[22:51:34] INFO: ../src/tree/updater_prune.cc:101: tree pruning end, 6 extra nodes, 0 pruned nodes, max_depth=3
[22:51:35] INFO: ../src/tree/updater_prune.cc:101: tree pruning end, 14 extra nodes, 0 pruned nodes, max_depth=6
[22:51:35] INFO: ../src/tree/updater_prune.cc:101: tree pruning end, 16 extra nodes, 0 pruned nodes, max_depth=6
[76]	validation_0-mlogloss:1.41269	validation_0-merror:0.46452
[22:51:35] INFO: ../src/tree/updater_prune.cc:101: tree pruning end, 20 extra nodes, 0 pruned nodes, max_depth=6
[22:51:35] INFO: ../src/tree/updater_prune.cc:101: tree pruning end, 0 extra nodes, 0 pruned nodes, max_depth=0
[22:51:35] INFO: ../src/tree/updater_prune.cc:101: tree pruning end, 18 extra nodes, 0 pruned nodes, max_depth=5
[22:51:35] INFO: ../src/tree/updater_prune.cc:101: tree pruning end, 10 extra nodes, 0 pruned nodes, max_depth=3
[22:51:35] INFO: ../src/tree/updater_prune.cc:101: tree pruning end, 6 extra nodes, 0 pruned nodes, max_depth=3
[22:51:35] INFO: ../src/tree/updater_prune.cc:101: tree pruning end, 12 extra nodes, 0 pruned nodes, max_depth=6
[22:51:36] INFO: ../src/tree/updater_prune.cc:101: tree pruning end, 16 extra nodes, 0 pruned nodes, max_depth=6
[77]	validation_0-mlogloss:1.41393	validation_0-merror:0.46452
[22:51:36] INFO: ../src/tree/updater_prune.cc:101: tree pruning end, 14 extra nodes, 0 pruned nodes, max_depth=6
[22:51:36] INFO: ../src/tree/updater_prune.cc:101: tree pruning end, 0 extra nodes, 0 pruned nodes, max_depth=0
[22:51:36] INFO: ../src/tree/updater_prune.cc:101: tree pruning end, 16 extra nodes, 0 pruned nodes, max_depth=5
[22:51:36] INFO: ../src/tree/updater_prune.cc:101: tree pruning end, 8 extra nodes, 0 pruned nodes, max_depth=4
[22:51:36] INFO: ../src/tree/updater_prune.cc:101: tree pruning end, 6 extra nodes, 0 pruned nodes, max_depth=3
[22:51:36] INFO: ../src/tree/updater_prune.cc:101: tree pruning end, 14 extra nodes, 0 pruned nodes, max_depth=5
[22:51:36] INFO: ../src/tree/updater_prune.cc:101: tree pruning end, 20 extra nodes, 0 pruned nodes, max_depth=6
[78]	validation_0-mlogloss:1.41492	validation_0-merror:0.46452
[22:51:36] INFO: ../src/tree/updater_prune.cc:101: tree pruning end, 18 extra nodes, 0 pruned nodes, max_depth=6
[22:51:36] INFO: ../src/tree/updater_prune.cc:101: tree pruning end, 0 extra nodes, 0 pruned nodes, max_depth=0
[22:51:36] INFO: ../src/tree/updater_prune.cc:101: tree pruning end, 16 extra nodes, 0 pruned nodes, max_depth=6
[22:51:36] INFO: ../src/tree/updater_prune.cc:101: tree pruning end, 6 extra nodes, 0 pruned nodes, max_depth=2
[22:51:36] INFO: ../src/tree/updater_prune.cc:101: tree pruning end, 6 extra nodes, 0 pruned nodes, max_depth=3
[22:51:36] INFO: ../src/tree/updater_prune.cc:101: tree pruning end, 16 extra nodes, 0 pruned nodes, max_depth=5
[22:51:36] INFO: ../src/tree/updater_prune.cc:101: tree pruning end, 14 extra nodes, 0 pruned nodes, max_depth=6
[79]	validation_0-mlogloss:1.41423	validation_0-merror:0.45806
[22:51:36] INFO: ../src/tree/updater_prune.cc:101: tree pruning end, 18 extra nodes, 0 pruned nodes, max_depth=6
[22:51:36] INFO: ../src/tree/updater_prune.cc:101: tree pruning end, 0 extra nodes, 0 pruned nodes, max_depth=0
[22:51:36] INFO: ../src/tree/updater_prune.cc:101: tree pruning end, 14 extra nodes, 0 pruned nodes, max_depth=6
[22:51:36] INFO: ../src/tree/updater_prune.cc:101: tree pruning end, 8 extra nodes, 0 pruned nodes, max_depth=4
[22:51:36] INFO: ../src/tree/updater_prune.cc:101: tree pruning end, 6 extra nodes, 0 pruned nodes, max_depth=3
[22:51:36] INFO: ../src/tree/updater_prune.cc:101: tree pruning end, 14 extra nodes, 0 pruned nodes, max_depth=5
[22:51:36] INFO: ../src/tree/updater_prune.cc:101: tree pruning end, 16 extra nodes, 0 pruned nodes, max_depth=6
[80]	validation_0-mlogloss:1.41866	validation_0-merror:0.44516
[22:51:36] INFO: ../src/tree/updater_prune.cc:101: tree pruning end, 22 extra nodes, 0 pruned nodes, max_depth=6
[22:51:36] INFO: ../src/tree/updater_prune.cc:101: tree pruning end, 0 extra nodes, 0 pruned nodes, max_depth=0
[22:51:36] INFO: ../src/tree/updater_prune.cc:101: tree pruning end, 14 extra nodes, 0 pruned nodes, max_depth=6
[22:51:36] INFO: ../src/tree/updater_prune.cc:101: tree pruning end, 8 extra nodes, 0 pruned nodes, max_depth=4
[22:51:36] INFO: ../src/tree/updater_prune.cc:101: tree pruning end, 6 extra nodes, 0 pruned nodes, max_depth=3
[22:51:36] INFO: ../src/tree/updater_prune.cc:101: tree pruning end, 14 extra nodes, 0 pruned nodes, max_depth=6
[22:51:36] INFO: ../src/tree/updater_prune.cc:101: tree pruning end, 14 extra nodes, 0 pruned nodes, max_depth=6
[81]	validation_0-mlogloss:1.41984	validation_0-merror:0.44516
[22:51:36] INFO: ../src/tree/updater_prune.cc:101: tree pruning end, 14 extra nodes, 0 pruned nodes, max_depth=6
[22:51:36] INFO: ../src/tree/updater_prune.cc:101: tree pruning end, 0 extra nodes, 0 pruned nodes, max_depth=0
[22:51:36] INFO: ../src/tree/updater_prune.cc:101: tree pruning end, 14 extra nodes, 0 pruned nodes, max_depth=6
[22:51:36] INFO: ../src/tree/updater_prune.cc:101: tree pruning end, 8 extra nodes, 0 pruned nodes, max_depth=3
[22:51:36] INFO: ../src/tree/updater_prune.cc:101: tree pruning end, 6 extra nodes, 0 pruned nodes, max_depth=3
[22:51:37] INFO: ../src/tree/updater_prune.cc:101: tree pruning end, 12 extra nodes, 0 pruned nodes, max_depth=6
[22:51:37] INFO: ../src/tree/updater_prune.cc:101: tree pruning end, 16 extra nodes, 0 pruned nodes, max_depth=6
[82]	validation_0-mlogloss:1.41947	validation_0-merror:0.45161
[22:51:37] INFO: ../src/tree/updater_prune.cc:101: tree pruning end, 22 extra nodes, 0 pruned nodes, max_depth=6
[22:51:37] INFO: ../src/tree/updater_prune.cc:101: tree pruning end, 0 extra nodes, 0 pruned nodes, max_depth=0
[22:51:37] INFO: ../src/tree/updater_prune.cc:101: tree pruning end, 18 extra nodes, 0 pruned nodes, max_depth=6
[22:51:37] INFO: ../src/tree/updater_prune.cc:101: tree pruning end, 8 extra nodes, 0 pruned nodes, max_depth=4
[22:51:37] INFO: ../src/tree/updater_prune.cc:101: tree pruning end, 6 extra nodes, 0 pruned nodes, max_depth=3
[22:51:38] INFO: ../src/tree/updater_prune.cc:101: tree pruning end, 16 extra nodes, 0 pruned nodes, max_depth=5
[22:51:38] INFO: ../src/tree/updater_prune.cc:101: tree pruning end, 16 extra nodes, 0 pruned nodes, max_depth=6
[83]	validation_0-mlogloss:1.42139	validation_0-merror:0.45161
[22:51:38] INFO: ../src/tree/updater_prune.cc:101: tree pruning end, 22 extra nodes, 0 pruned nodes, max_depth=6
[22:51:38] INFO: ../src/tree/updater_prune.cc:101: tree pruning end, 0 extra nodes, 0 pruned nodes, max_depth=0
[22:51:38] INFO: ../src/tree/updater_prune.cc:101: tree pruning end, 16 extra nodes, 0 pruned nodes, max_depth=5
[22:51:38] INFO: ../src/tree/updater_prune.cc:101: tree pruning end, 8 extra nodes, 0 pruned nodes, max_depth=4
[22:51:38] INFO: ../src/tree/updater_prune.cc:101: tree pruning end, 6 extra nodes, 0 pruned nodes, max_depth=3
[22:51:39] INFO: ../src/tree/updater_prune.cc:101: tree pruning end, 14 extra nodes, 0 pruned nodes, max_depth=6
[22:51:39] INFO: ../src/tree/updater_prune.cc:101: tree pruning end, 14 extra nodes, 0 pruned nodes, max_depth=6
[84]	validation_0-mlogloss:1.42121	validation_0-merror:0.45161
[22:51:39] INFO: ../src/tree/updater_prune.cc:101: tree pruning end, 16 extra nodes, 0 pruned nodes, max_depth=6
[22:51:39] INFO: ../src/tree/updater_prune.cc:101: tree pruning end, 0 extra nodes, 0 pruned nodes, max_depth=0
[22:51:39] INFO: ../src/tree/updater_prune.cc:101: tree pruning end, 14 extra nodes, 0 pruned nodes, max_depth=5
[22:51:39] INFO: ../src/tree/updater_prune.cc:101: tree pruning end, 8 extra nodes, 0 pruned nodes, max_depth=3
[22:51:39] INFO: ../src/tree/updater_prune.cc:101: tree pruning end, 6 extra nodes, 0 pruned nodes, max_depth=3
[22:51:39] INFO: ../src/tree/updater_prune.cc:101: tree pruning end, 14 extra nodes, 0 pruned nodes, max_depth=6
[22:51:39] INFO: ../src/tree/updater_prune.cc:101: tree pruning end, 16 extra nodes, 0 pruned nodes, max_depth=4
[85]	validation_0-mlogloss:1.42235	validation_0-merror:0.45161
[22:51:40] INFO: ../src/tree/updater_prune.cc:101: tree pruning end, 14 extra nodes, 0 pruned nodes, max_depth=6
[22:51:40] INFO: ../src/tree/updater_prune.cc:101: tree pruning end, 0 extra nodes, 0 pruned nodes, max_depth=0
[22:51:40] INFO: ../src/tree/updater_prune.cc:101: tree pruning end, 12 extra nodes, 0 pruned nodes, max_depth=6
[22:51:40] INFO: ../src/tree/updater_prune.cc:101: tree pruning end, 8 extra nodes, 0 pruned nodes, max_depth=4
[22:51:40] INFO: ../src/tree/updater_prune.cc:101: tree pruning end, 6 extra nodes, 0 pruned nodes, max_depth=3
[22:51:40] INFO: ../src/tree/updater_prune.cc:101: tree pruning end, 14 extra nodes, 0 pruned nodes, max_depth=6
[22:51:40] INFO: ../src/tree/updater_prune.cc:101: tree pruning end, 16 extra nodes, 0 pruned nodes, max_depth=6
[86]	validation_0-mlogloss:1.42327	validation_0-merror:0.44516
[22:51:40] INFO: ../src/tree/updater_prune.cc:101: tree pruning end, 14 extra nodes, 0 pruned nodes, max_depth=6
[22:51:40] INFO: ../src/tree/updater_prune.cc:101: tree pruning end, 0 extra nodes, 0 pruned nodes, max_depth=0
[22:51:40] INFO: ../src/tree/updater_prune.cc:101: tree pruning end, 14 extra nodes, 0 pruned nodes, max_depth=6
[22:51:40] INFO: ../src/tree/updater_prune.cc:101: tree pruning end, 8 extra nodes, 0 pruned nodes, max_depth=3
[22:51:40] INFO: ../src/tree/updater_prune.cc:101: tree pruning end, 6 extra nodes, 0 pruned nodes, max_depth=3
[22:51:41] INFO: ../src/tree/updater_prune.cc:101: tree pruning end, 16 extra nodes, 0 pruned nodes, max_depth=5
[22:51:41] INFO: ../src/tree/updater_prune.cc:101: tree pruning end, 16 extra nodes, 0 pruned nodes, max_depth=5
[87]	validation_0-mlogloss:1.42477	validation_0-merror:0.45806
[22:51:41] INFO: ../src/tree/updater_prune.cc:101: tree pruning end, 16 extra nodes, 0 pruned nodes, max_depth=6
[22:51:41] INFO: ../src/tree/updater_prune.cc:101: tree pruning end, 0 extra nodes, 0 pruned nodes, max_depth=0
[22:51:41] INFO: ../src/tree/updater_prune.cc:101: tree pruning end, 12 extra nodes, 0 pruned nodes, max_depth=6
[22:51:41] INFO: ../src/tree/updater_prune.cc:101: tree pruning end, 8 extra nodes, 0 pruned nodes, max_depth=4
[22:51:41] INFO: ../src/tree/updater_prune.cc:101: tree pruning end, 4 extra nodes, 0 pruned nodes, max_depth=2
[22:51:41] INFO: ../src/tree/updater_prune.cc:101: tree pruning end, 14 extra nodes, 0 pruned nodes, max_depth=6
[22:51:41] INFO: ../src/tree/updater_prune.cc:101: tree pruning end, 16 extra nodes, 0 pruned nodes, max_depth=6
[88]	validation_0-mlogloss:1.42657	validation_0-merror:0.45161
[22:51:41] INFO: ../src/tree/updater_prune.cc:101: tree pruning end, 18 extra nodes, 0 pruned nodes, max_depth=6
[22:51:41] INFO: ../src/tree/updater_prune.cc:101: tree pruning end, 0 extra nodes, 0 pruned nodes, max_depth=0
[22:51:41] INFO: ../src/tree/updater_prune.cc:101: tree pruning end, 16 extra nodes, 0 pruned nodes, max_depth=5
[22:51:41] INFO: ../src/tree/updater_prune.cc:101: tree pruning end, 8 extra nodes, 0 pruned nodes, max_depth=3
[22:51:41] INFO: ../src/tree/updater_prune.cc:101: tree pruning end, 4 extra nodes, 0 pruned nodes, max_depth=2
[22:51:41] INFO: ../src/tree/updater_prune.cc:101: tree pruning end, 14 extra nodes, 0 pruned nodes, max_depth=6
[22:51:41] INFO: ../src/tree/updater_prune.cc:101: tree pruning end, 16 extra nodes, 0 pruned nodes, max_depth=6
[89]	validation_0-mlogloss:1.42566	validation_0-merror:0.44516
[22:51:42] INFO: ../src/tree/updater_prune.cc:101: tree pruning end, 18 extra nodes, 0 pruned nodes, max_depth=6
[22:51:42] INFO: ../src/tree/updater_prune.cc:101: tree pruning end, 0 extra nodes, 0 pruned nodes, max_depth=0
[22:51:42] INFO: ../src/tree/updater_prune.cc:101: tree pruning end, 16 extra nodes, 0 pruned nodes, max_depth=6
[22:51:42] INFO: ../src/tree/updater_prune.cc:101: tree pruning end, 8 extra nodes, 0 pruned nodes, max_depth=3
[22:51:42] INFO: ../src/tree/updater_prune.cc:101: tree pruning end, 6 extra nodes, 0 pruned nodes, max_depth=3
[22:51:42] INFO: ../src/tree/updater_prune.cc:101: tree pruning end, 14 extra nodes, 0 pruned nodes, max_depth=5
[22:51:42] INFO: ../src/tree/updater_prune.cc:101: tree pruning end, 12 extra nodes, 0 pruned nodes, max_depth=6
[90]	validation_0-mlogloss:1.42399	validation_0-merror:0.43871
[22:51:42] INFO: ../src/tree/updater_prune.cc:101: tree pruning end, 16 extra nodes, 0 pruned nodes, max_depth=6
[22:51:42] INFO: ../src/tree/updater_prune.cc:101: tree pruning end, 0 extra nodes, 0 pruned nodes, max_depth=0
[22:51:42] INFO: ../src/tree/updater_prune.cc:101: tree pruning end, 12 extra nodes, 0 pruned nodes, max_depth=5
[22:51:42] INFO: ../src/tree/updater_prune.cc:101: tree pruning end, 8 extra nodes, 0 pruned nodes, max_depth=4
[22:51:43] INFO: ../src/tree/updater_prune.cc:101: tree pruning end, 6 extra nodes, 0 pruned nodes, max_depth=3
[22:51:43] INFO: ../src/tree/updater_prune.cc:101: tree pruning end, 12 extra nodes, 0 pruned nodes, max_depth=5
[22:51:43] INFO: ../src/tree/updater_prune.cc:101: tree pruning end, 14 extra nodes, 0 pruned nodes, max_depth=6
[91]	validation_0-mlogloss:1.42137	validation_0-merror:0.43226
[22:51:43] INFO: ../src/tree/updater_prune.cc:101: tree pruning end, 16 extra nodes, 0 pruned nodes, max_depth=6
[22:51:43] INFO: ../src/tree/updater_prune.cc:101: tree pruning end, 0 extra nodes, 0 pruned nodes, max_depth=0
[22:51:43] INFO: ../src/tree/updater_prune.cc:101: tree pruning end, 14 extra nodes, 0 pruned nodes, max_depth=4
[22:51:43] INFO: ../src/tree/updater_prune.cc:101: tree pruning end, 6 extra nodes, 0 pruned nodes, max_depth=3
[22:51:43] INFO: ../src/tree/updater_prune.cc:101: tree pruning end, 4 extra nodes, 0 pruned nodes, max_depth=2
[22:51:44] INFO: ../src/tree/updater_prune.cc:101: tree pruning end, 12 extra nodes, 0 pruned nodes, max_depth=3
[22:51:44] INFO: ../src/tree/updater_prune.cc:101: tree pruning end, 14 extra nodes, 0 pruned nodes, max_depth=6
[92]	validation_0-mlogloss:1.42247	validation_0-merror:0.43226
[22:51:44] INFO: ../src/tree/updater_prune.cc:101: tree pruning end, 16 extra nodes, 0 pruned nodes, max_depth=6
[22:51:44] INFO: ../src/tree/updater_prune.cc:101: tree pruning end, 0 extra nodes, 0 pruned nodes, max_depth=0
[22:51:44] INFO: ../src/tree/updater_prune.cc:101: tree pruning end, 12 extra nodes, 0 pruned nodes, max_depth=5
[22:51:44] INFO: ../src/tree/updater_prune.cc:101: tree pruning end, 6 extra nodes, 0 pruned nodes, max_depth=3
[22:51:44] INFO: ../src/tree/updater_prune.cc:101: tree pruning end, 4 extra nodes, 0 pruned nodes, max_depth=2
[22:51:44] INFO: ../src/tree/updater_prune.cc:101: tree pruning end, 12 extra nodes, 0 pruned nodes, max_depth=5
[22:51:44] INFO: ../src/tree/updater_prune.cc:101: tree pruning end, 14 extra nodes, 0 pruned nodes, max_depth=4
[93]	validation_0-mlogloss:1.42439	validation_0-merror:0.43226
[22:51:45] INFO: ../src/tree/updater_prune.cc:101: tree pruning end, 16 extra nodes, 0 pruned nodes, max_depth=6
[22:51:45] INFO: ../src/tree/updater_prune.cc:101: tree pruning end, 0 extra nodes, 0 pruned nodes, max_depth=0
[22:51:45] INFO: ../src/tree/updater_prune.cc:101: tree pruning end, 14 extra nodes, 0 pruned nodes, max_depth=6
[22:51:45] INFO: ../src/tree/updater_prune.cc:101: tree pruning end, 6 extra nodes, 0 pruned nodes, max_depth=3
[22:51:45] INFO: ../src/tree/updater_prune.cc:101: tree pruning end, 4 extra nodes, 0 pruned nodes, max_depth=2
[22:51:45] INFO: ../src/tree/updater_prune.cc:101: tree pruning end, 12 extra nodes, 0 pruned nodes, max_depth=5
[22:51:45] INFO: ../src/tree/updater_prune.cc:101: tree pruning end, 14 extra nodes, 0 pruned nodes, max_depth=6
[94]	validation_0-mlogloss:1.42398	validation_0-merror:0.43871
[22:51:45] INFO: ../src/tree/updater_prune.cc:101: tree pruning end, 12 extra nodes, 0 pruned nodes, max_depth=6
[22:51:46] INFO: ../src/tree/updater_prune.cc:101: tree pruning end, 0 extra nodes, 0 pruned nodes, max_depth=0
[22:51:46] INFO: ../src/tree/updater_prune.cc:101: tree pruning end, 12 extra nodes, 0 pruned nodes, max_depth=4
[22:51:46] INFO: ../src/tree/updater_prune.cc:101: tree pruning end, 8 extra nodes, 0 pruned nodes, max_depth=4
[22:51:46] INFO: ../src/tree/updater_prune.cc:101: tree pruning end, 4 extra nodes, 0 pruned nodes, max_depth=2
[22:51:46] INFO: ../src/tree/updater_prune.cc:101: tree pruning end, 14 extra nodes, 0 pruned nodes, max_depth=6
[22:51:46] INFO: ../src/tree/updater_prune.cc:101: tree pruning end, 14 extra nodes, 0 pruned nodes, max_depth=4
[95]	validation_0-mlogloss:1.42807	validation_0-merror:0.43871
[22:51:46] INFO: ../src/tree/updater_prune.cc:101: tree pruning end, 20 extra nodes, 0 pruned nodes, max_depth=6
[22:51:46] INFO: ../src/tree/updater_prune.cc:101: tree pruning end, 0 extra nodes, 0 pruned nodes, max_depth=0
[22:51:46] INFO: ../src/tree/updater_prune.cc:101: tree pruning end, 12 extra nodes, 0 pruned nodes, max_depth=4
[22:51:46] INFO: ../src/tree/updater_prune.cc:101: tree pruning end, 8 extra nodes, 0 pruned nodes, max_depth=3
[22:51:46] INFO: ../src/tree/updater_prune.cc:101: tree pruning end, 4 extra nodes, 0 pruned nodes, max_depth=2
[22:51:47] INFO: ../src/tree/updater_prune.cc:101: tree pruning end, 10 extra nodes, 0 pruned nodes, max_depth=5
[22:51:47] INFO: ../src/tree/updater_prune.cc:101: tree pruning end, 12 extra nodes, 0 pruned nodes, max_depth=4
[96]	validation_0-mlogloss:1.42941	validation_0-merror:0.43871
[22:51:47] INFO: ../src/tree/updater_prune.cc:101: tree pruning end, 16 extra nodes, 0 pruned nodes, max_depth=6
[22:51:47] INFO: ../src/tree/updater_prune.cc:101: tree pruning end, 0 extra nodes, 0 pruned nodes, max_depth=0
[22:51:47] INFO: ../src/tree/updater_prune.cc:101: tree pruning end, 14 extra nodes, 0 pruned nodes, max_depth=6
[22:51:47] INFO: ../src/tree/updater_prune.cc:101: tree pruning end, 8 extra nodes, 0 pruned nodes, max_depth=4
[22:51:47] INFO: ../src/tree/updater_prune.cc:101: tree pruning end, 6 extra nodes, 0 pruned nodes, max_depth=3
[22:51:47] INFO: ../src/tree/updater_prune.cc:101: tree pruning end, 14 extra nodes, 0 pruned nodes, max_depth=6
[22:51:47] INFO: ../src/tree/updater_prune.cc:101: tree pruning end, 10 extra nodes, 0 pruned nodes, max_depth=4
[97]	validation_0-mlogloss:1.43144	validation_0-merror:0.44516
[22:51:47] INFO: ../src/tree/updater_prune.cc:101: tree pruning end, 12 extra nodes, 0 pruned nodes, max_depth=6
[22:51:47] INFO: ../src/tree/updater_prune.cc:101: tree pruning end, 0 extra nodes, 0 pruned nodes, max_depth=0
[22:51:47] INFO: ../src/tree/updater_prune.cc:101: tree pruning end, 14 extra nodes, 0 pruned nodes, max_depth=6
[22:51:47] INFO: ../src/tree/updater_prune.cc:101: tree pruning end, 6 extra nodes, 0 pruned nodes, max_depth=3
[22:51:47] INFO: ../src/tree/updater_prune.cc:101: tree pruning end, 4 extra nodes, 0 pruned nodes, max_depth=2
[22:51:47] INFO: ../src/tree/updater_prune.cc:101: tree pruning end, 12 extra nodes, 0 pruned nodes, max_depth=5
[22:51:47] INFO: ../src/tree/updater_prune.cc:101: tree pruning end, 16 extra nodes, 0 pruned nodes, max_depth=6
[98]	validation_0-mlogloss:1.42939	validation_0-merror:0.43871
[22:51:48] INFO: ../src/tree/updater_prune.cc:101: tree pruning end, 18 extra nodes, 0 pruned nodes, max_depth=6
[22:51:48] INFO: ../src/tree/updater_prune.cc:101: tree pruning end, 0 extra nodes, 0 pruned nodes, max_depth=0
[22:51:48] INFO: ../src/tree/updater_prune.cc:101: tree pruning end, 12 extra nodes, 0 pruned nodes, max_depth=5
[22:51:48] INFO: ../src/tree/updater_prune.cc:101: tree pruning end, 6 extra nodes, 0 pruned nodes, max_depth=3
[22:51:48] INFO: ../src/tree/updater_prune.cc:101: tree pruning end, 6 extra nodes, 0 pruned nodes, max_depth=3
[22:51:48] INFO: ../src/tree/updater_prune.cc:101: tree pruning end, 12 extra nodes, 0 pruned nodes, max_depth=5
[22:51:48] INFO: ../src/tree/updater_prune.cc:101: tree pruning end, 12 extra nodes, 0 pruned nodes, max_depth=5
[99]	validation_0-mlogloss:1.42978	validation_0-merror:0.43226
[22:51:48] ======== Monitor (0): Learner ========
[22:51:48] Configure: 0s, 1 calls @ 0us

[22:51:48] EvalOneIter: 1.94741s, 100 calls @ 1947409us

[22:51:48] GetGradient: 0.479601s, 100 calls @ 479601us

[22:51:48] PredictRaw: 0.686621s, 100 calls @ 686621us

[22:51:48] UpdateOneIter: 78.0908s, 100 calls @ 78090830us

[22:51:48] ======== Monitor (0): GBTree ========
[22:51:48] BoostNewTrees: 76.9165s, 100 calls @ 76916491us

[22:51:48] CommitModel: 0.000407s, 100 calls @ 407us

[22:51:48] ======== Monitor (0): TreePruner ========
[22:51:48] PrunerUpdate: 0.838657s, 700 calls @ 838657us

train loss: 0.05262376809595183, train acc: 0.9854368932038835, dev loss: 1.4213719097491835, dev acc: 0.567741935483871
test loss: 1.4213719097491835, test acc: 0.567741935483871
              precision    recall  f1-score   support

           0       0.61      0.75      0.67        59
           1       0.00      0.00      0.00         1
           2       0.40      0.31      0.35        32
           3       0.50      0.27      0.35        15
           4       1.00      0.33      0.50         3
           5       0.57      0.57      0.57        14
           6       0.64      0.68      0.66        31

    accuracy                           0.57       155
   macro avg       0.53      0.42      0.44       155
weighted avg       0.56      0.57      0.55       155

[[44  1  7  0  0  4  3]
 [ 1  0  0  0  0  0  0]
 [15  0 10  3  0  1  3]
 [ 6  1  1  4  0  0  3]
 [ 1  0  0  0  1  0  1]
 [ 3  0  1  0  0  8  2]
 [ 2  0  6  1  0  1 21]]
[22:51:48] ======== Monitor (0): Learner ========
[22:51:48] Configure: 0.000666s, 1 calls @ 666us

[22:51:48] ======== Monitor (0): GBTree ========
[22:51:48] ======== Monitor (0): TreePruner ========
