classification_report:
               precision    recall  f1-score   support

           1       0.71      0.46      0.56        59
           2       0.00      0.00      0.00         1
           3       0.52      0.50      0.51        32
           4       0.33      0.20      0.25        15
           5       0.14      0.33      0.20         3
           6       0.42      0.79      0.55        14
           7       0.58      0.71      0.64        31

    accuracy                           0.52       155
   macro avg       0.39      0.43      0.39       155
weighted avg       0.57      0.52      0.52       155

confusion_matrix:
 [[27  5  8  5  3  6  5]
 [ 0  0  1  0  0  0  0]
 [ 6  0 16  1  1  3  5]
 [ 3  0  1  3  2  2  4]
 [ 0  0  0  0  1  0  2]
 [ 1  1  1  0  0 11  0]
 [ 1  0  4  0  0  4 22]]
0.5161290322580645
